Using pre-set license
Built from '2020.3/staging' branch; Version is '2020.3.13f1 (71691879b7f5) revision 7432472'; Using compiler version '192528614'; Build Type 'Release'
OS: 'Windows 10 Pro; OS build 19042.1415; Version 2009; 64bit' Language: 'ru' Physical Memory: 32732 MB
BatchMode: 1, IsHumanControllingUs: 0, StartBugReporterOnCrash: 0, Is64bit: 1, IsPro: 0

 COMMAND LINE ARGUMENTS:
C:\Program Files\Unity\Hub\Editor\2020.3.13f1\Editor\Unity.exe
-adb2
-batchMode
-noUpm
-name
AssetImportWorker0
-projectPath
D:/UNITY_PROJECTS/Liquid VR
-logFile
Logs/AssetImportWorker0.log
-srvPort
64118
Successfully changed project path to: D:/UNITY_PROJECTS/Liquid VR
D:/UNITY_PROJECTS/Liquid VR
Using Asset Import Pipeline V2.
Refreshing native plugins compatible for Editor in 36.66 ms, found 5 plugins.
Preloading 1 native plugins for Editor in 0.84 ms.
Initialize engine version: 2020.3.13f1 (71691879b7f5)
[Subsystems] Discovering subsystems at path C:/Program Files/Unity/Hub/Editor/2020.3.13f1/Editor/Data/Resources/UnitySubsystems
[Subsystems] Discovering subsystems at path D:/UNITY_PROJECTS/Liquid VR/Assets
GfxDevice: creating device client; threaded=0
Direct3D:
    Version:  Direct3D 11.0 [level 11.1]
    Renderer: NVIDIA GeForce GTX 1060 6GB (ID=0x1c03)
    Vendor:   
    VRAM:     6052 MB
    Driver:   27.21.14.5671
Initialize mono
Mono path[0] = 'C:/Program Files/Unity/Hub/Editor/2020.3.13f1/Editor/Data/Managed'
Mono path[1] = 'C:/Program Files/Unity/Hub/Editor/2020.3.13f1/Editor/Data/MonoBleedingEdge/lib/mono/unityjit'
Mono config path = 'C:/Program Files/Unity/Hub/Editor/2020.3.13f1/Editor/Data/MonoBleedingEdge/etc'
Using monoOptions --debugger-agent=transport=dt_socket,embedding=1,server=y,suspend=n,address=127.0.0.1:56644
Begin MonoManager ReloadAssembly
Registering precompiled unity dll's ...
Register platform support module: C:/Program Files/Unity/Hub/Editor/2020.3.13f1/Editor/Data/PlaybackEngines/WindowsStandaloneSupport/UnityEditor.WindowsStandalone.Extensions.dll
Registered in 0.001922 seconds.
Native extension for WindowsStandalone target not found
Refreshing native plugins compatible for Editor in 34.39 ms, found 5 plugins.
Preloading 1 native plugins for Editor in 0.06 ms.
Mono: successfully reloaded assembly
- Completed reload, in  1.650 seconds
Platform modules already initialized, skipping
Registering precompiled user dll's ...
Registered in 0.004005 seconds.
Begin MonoManager ReloadAssembly
Native extension for WindowsStandalone target not found
Refreshing native plugins compatible for Editor in 34.12 ms, found 5 plugins.
Preloading 1 native plugins for Editor in 0.05 ms.
[XR] OculusXRPlugin: registering subsystems
[XR] Unable to register display lifecyle provider: [1]
[XR] Oculus Input lifecycle provider registered.
[XR] Unable to register input lifecyle provider: [1]
NullReferenceException: Object reference not set to an instance of an object
  at Unity.XR.Oculus.OculusLoader.AssetPathToAbsolutePath (System.String assetPath) [0x00048] in D:\UNITY_PROJECTS\Liquid VR\Library\PackageCache\com.unity.xr.oculus@1.9.1\Runtime\OculusLoader.cs:249 
  at Unity.XR.Oculus.OculusLoader.EditorLoadOVRPlugin () [0x0007b] in D:\UNITY_PROJECTS\Liquid VR\Library\PackageCache\com.unity.xr.oculus@1.9.1\Runtime\OculusLoader.cs:234 

(Filename: Library/PackageCache/com.unity.xr.oculus@1.9.1/Runtime/OculusLoader.cs Line: 249)

Mono: successfully reloaded assembly
- Completed reload, in  1.036 seconds
Platform modules already initialized, skipping
========================================================================
Worker process is ready to serve import requests
Launched and connected shader compiler UnityShaderCompiler.exe after 0.04 seconds
Refreshing native plugins compatible for Editor in 0.44 ms, found 5 plugins.
Preloading 1 native plugins for Editor in 0.05 ms.
Unloading 2022 Unused Serialized files (Serialized files now loaded: 0)
System memory in use before: 88.9 MB.
System memory in use after: 89.0 MB.

Unloading 21 unused Assets to reduce memory usage. Loaded Objects now: 2462.
Total: 2.279300 ms (FindLiveObjects: 0.202000 ms CreateObjectMapping: 0.063800 ms MarkObjects: 1.914300 ms  DeleteObjects: 0.098300 ms)

AssetImportParameters requested are different than current active one (requested -> active):
  custom:framework-win-MediaFoundation: 216162199b28c13a410421893ffa2e32 -> 
  custom:video-decoder-ogg-theora: a1e56fd34408186e4bbccfd4996cb3dc -> 
  custom:container-muxer-webm: aa71ff27fc2769a1b78a27578f13a17b -> 
  custom:container-demuxer-webm: 4f35f7cbe854078d1ac9338744f61a02 -> 
  custom:container-demuxer-ogg: 62fdf1f143b41e24485cea50d1cbac27 -> 
  custom:video-encoder-webm-vp8: eb34c28f22e8b96e1ab97ce403110664 -> 
  custom:video-decoder-webm-vp8: 9c59270c3fd7afecdb556c50c9e8de78 -> 
  custom:audio-decoder-ogg-vorbis: bf7c407c2cedff20999df2af8eb42d56 -> 
  custom:audio-encoder-webm-vorbis: bf7c407c2cedff20999df2af8eb42d56 -> 
========================================================================
Received Import Request.
  path: Assets/LiquidVR/Scripts/Interactables/LiquidTeleportInteractor.cs
  artifactKey: Guid(c8b657efd57efa145bab4f0bb68b1860) Importer(815301076,1909f56bfc062723c751e8b465ee728b)
Start importing Assets/LiquidVR/Scripts/Interactables/LiquidTeleportInteractor.cs using Guid(c8b657efd57efa145bab4f0bb68b1860) Importer(815301076,1909f56bfc062723c751e8b465ee728b)  -> (artifact id: 'cae62a870817f68f2aa14fb4b9067326') in 0.031532 seconds 
  Import took 0.066659 seconds .

========================================================================
Received Import Request.
  Time since last request: 0.000326 seconds.
  path: Assets/LiquidVR/Scripts/Interactables/LiquidPlayer.cs
  artifactKey: Guid(22a7df7cc7db4c14180eef7531ccfef9) Importer(815301076,1909f56bfc062723c751e8b465ee728b)
Start importing Assets/LiquidVR/Scripts/Interactables/LiquidPlayer.cs using Guid(22a7df7cc7db4c14180eef7531ccfef9) Importer(815301076,1909f56bfc062723c751e8b465ee728b)  -> (artifact id: '8e27cb757e69feb6e762f02c9d64c8bc') in 0.006073 seconds 
  Import took 0.009005 seconds .

========================================================================
Received Prepare
Registering precompiled user dll's ...
Registered in 0.005144 seconds.
Begin MonoManager ReloadAssembly
Native extension for WindowsStandalone target not found
Refreshing native plugins compatible for Editor in 0.45 ms, found 5 plugins.
Preloading 1 native plugins for Editor in 0.07 ms.
NullReferenceException: Object reference not set to an instance of an object
  at Unity.XR.Oculus.OculusLoader.AssetPathToAbsolutePath (System.String assetPath) [0x00048] in D:\UNITY_PROJECTS\Liquid VR\Library\PackageCache\com.unity.xr.oculus@1.9.1\Runtime\OculusLoader.cs:249 
  at Unity.XR.Oculus.OculusLoader.EditorLoadOVRPlugin () [0x0007b] in D:\UNITY_PROJECTS\Liquid VR\Library\PackageCache\com.unity.xr.oculus@1.9.1\Runtime\OculusLoader.cs:234 

(Filename: Library/PackageCache/com.unity.xr.oculus@1.9.1/Runtime/OculusLoader.cs Line: 249)

Mono: successfully reloaded assembly
- Completed reload, in  0.998 seconds
Platform modules already initialized, skipping
Switching build target platform(19) subTarget(0) extendedPlatform(0) -> platform(13) subTarget(524288) extendedPlatform(0)
Refreshing native plugins compatible for Editor in 0.44 ms, found 5 plugins.
Preloading 1 native plugins for Editor in 0.05 ms.
Unloading 1995 Unused Serialized files (Serialized files now loaded: 0)
System memory in use before: 87.4 MB.
System memory in use after: 87.5 MB.

Unloading 15 unused Assets to reduce memory usage. Loaded Objects now: 2465.
Total: 2.340900 ms (FindLiveObjects: 0.203500 ms CreateObjectMapping: 0.051800 ms MarkObjects: 1.975000 ms  DeleteObjects: 0.109900 ms)

AssetImportParameters requested are different than current active one (requested -> active):
  custom:framework-win-MediaFoundation: 216162199b28c13a410421893ffa2e32 -> 
  custom:video-decoder-ogg-theora: a1e56fd34408186e4bbccfd4996cb3dc -> 
  custom:container-muxer-webm: aa71ff27fc2769a1b78a27578f13a17b -> 
  custom:container-demuxer-webm: 4f35f7cbe854078d1ac9338744f61a02 -> 
  custom:container-demuxer-ogg: 62fdf1f143b41e24485cea50d1cbac27 -> 
  custom:video-encoder-webm-vp8: eb34c28f22e8b96e1ab97ce403110664 -> 
  custom:video-decoder-webm-vp8: 9c59270c3fd7afecdb556c50c9e8de78 -> 
  custom:graphics/normal-map-encoding: 01000000000000000000000000000000 -> 02000000000000000000000000000000
  custom:audio-decoder-ogg-vorbis: bf7c407c2cedff20999df2af8eb42d56 -> 
  custom:audio-encoder-webm-vorbis: bf7c407c2cedff20999df2af8eb42d56 -> 
========================================================================
Received Import Request.
  Time since last request: 2877.723435 seconds.
  path: Assets/LiquidVR/Scripts/Interactables/LiquidGrabInteractable.cs
  artifactKey: Guid(a6199e276b6056b438ce1d5b45dd5bb4) Importer(815301076,1909f56bfc062723c751e8b465ee728b)
Start importing Assets/LiquidVR/Scripts/Interactables/LiquidGrabInteractable.cs using Guid(a6199e276b6056b438ce1d5b45dd5bb4) Importer(815301076,1909f56bfc062723c751e8b465ee728b)  -> (artifact id: '30d4e9f78e77d87885c640418d9e51ab') in 0.013827 seconds 
  Import took 0.016496 seconds .

========================================================================
Received Import Request.
  Time since last request: 12.654780 seconds.
  path: Assets/LiquidVR/Prefabs/Sphere.prefab
  artifactKey: Guid(3d7fba4249865264a983ee4b3573bb15) Importer(815301076,1909f56bfc062723c751e8b465ee728b)
Start importing Assets/LiquidVR/Prefabs/Sphere.prefab using Guid(3d7fba4249865264a983ee4b3573bb15) Importer(815301076,1909f56bfc062723c751e8b465ee728b)  -> (artifact id: '6e02e9e386445e5707d460195a0d117e') in 0.163396 seconds 
  Import took 0.166995 seconds .

========================================================================
Received Import Request.
  Time since last request: 0.000287 seconds.
  path: Assets/LiquidVR/Prefabs/VideoPlayer.prefab
  artifactKey: Guid(b20e72856fbbdf3489a34aec5f35e759) Importer(815301076,1909f56bfc062723c751e8b465ee728b)
Start importing Assets/LiquidVR/Prefabs/VideoPlayer.prefab using Guid(b20e72856fbbdf3489a34aec5f35e759) Importer(815301076,1909f56bfc062723c751e8b465ee728b)  -> (artifact id: '39d737cc1a406752767930bb96631c58') in 0.092480 seconds 
  Import took 0.095805 seconds .

========================================================================
Received Prepare
Registering precompiled user dll's ...
Registered in 0.003855 seconds.
Begin MonoManager ReloadAssembly
Native extension for WindowsStandalone target not found
Refreshing native plugins compatible for Editor in 0.74 ms, found 5 plugins.
Preloading 1 native plugins for Editor in 0.07 ms.
NullReferenceException: Object reference not set to an instance of an object
  at Unity.XR.Oculus.OculusLoader.AssetPathToAbsolutePath (System.String assetPath) [0x00048] in D:\UNITY_PROJECTS\Liquid VR\Library\PackageCache\com.unity.xr.oculus@1.9.1\Runtime\OculusLoader.cs:249 
  at Unity.XR.Oculus.OculusLoader.EditorLoadOVRPlugin () [0x0007b] in D:\UNITY_PROJECTS\Liquid VR\Library\PackageCache\com.unity.xr.oculus@1.9.1\Runtime\OculusLoader.cs:234 

(Filename: Library/PackageCache/com.unity.xr.oculus@1.9.1/Runtime/OculusLoader.cs Line: 249)

Mono: successfully reloaded assembly
- Completed reload, in  0.951 seconds
Platform modules already initialized, skipping
Switching build target platform(19) subTarget(0) extendedPlatform(0) -> platform(13) subTarget(524288) extendedPlatform(0)
Refreshing native plugins compatible for Editor in 0.47 ms, found 5 plugins.
Preloading 1 native plugins for Editor in 0.05 ms.
Unloading 1995 Unused Serialized files (Serialized files now loaded: 0)
System memory in use before: 90.4 MB.
System memory in use after: 90.5 MB.

Unloading 19 unused Assets to reduce memory usage. Loaded Objects now: 2476.
Total: 2.617800 ms (FindLiveObjects: 0.184900 ms CreateObjectMapping: 0.054300 ms MarkObjects: 2.277900 ms  DeleteObjects: 0.099900 ms)

AssetImportParameters requested are different than current active one (requested -> active):
  custom:framework-win-MediaFoundation: 216162199b28c13a410421893ffa2e32 -> 
  custom:video-decoder-ogg-theora: a1e56fd34408186e4bbccfd4996cb3dc -> 
  custom:container-muxer-webm: aa71ff27fc2769a1b78a27578f13a17b -> 
  custom:container-demuxer-webm: 4f35f7cbe854078d1ac9338744f61a02 -> 
  custom:container-demuxer-ogg: 62fdf1f143b41e24485cea50d1cbac27 -> 
  custom:video-encoder-webm-vp8: eb34c28f22e8b96e1ab97ce403110664 -> 
  custom:video-decoder-webm-vp8: 9c59270c3fd7afecdb556c50c9e8de78 -> 
  custom:graphics/normal-map-encoding: 01000000000000000000000000000000 -> 02000000000000000000000000000000
  custom:audio-decoder-ogg-vorbis: bf7c407c2cedff20999df2af8eb42d56 -> 
  custom:audio-encoder-webm-vorbis: bf7c407c2cedff20999df2af8eb42d56 -> 
========================================================================
Received Prepare
Registering precompiled user dll's ...
Registered in 0.004500 seconds.
Begin MonoManager ReloadAssembly
Native extension for WindowsStandalone target not found
Refreshing native plugins compatible for Editor in 0.47 ms, found 5 plugins.
Preloading 1 native plugins for Editor in 0.07 ms.
NullReferenceException: Object reference not set to an instance of an object
  at Unity.XR.Oculus.OculusLoader.AssetPathToAbsolutePath (System.String assetPath) [0x00048] in D:\UNITY_PROJECTS\Liquid VR\Library\PackageCache\com.unity.xr.oculus@1.9.1\Runtime\OculusLoader.cs:249 
  at Unity.XR.Oculus.OculusLoader.EditorLoadOVRPlugin () [0x0007b] in D:\UNITY_PROJECTS\Liquid VR\Library\PackageCache\com.unity.xr.oculus@1.9.1\Runtime\OculusLoader.cs:234 

(Filename: Library/PackageCache/com.unity.xr.oculus@1.9.1/Runtime/OculusLoader.cs Line: 249)

Mono: successfully reloaded assembly
- Completed reload, in  0.992 seconds
Platform modules already initialized, skipping
Switching build target platform(19) subTarget(0) extendedPlatform(0) -> platform(13) subTarget(524288) extendedPlatform(0)
Refreshing native plugins compatible for Editor in 0.45 ms, found 5 plugins.
Preloading 1 native plugins for Editor in 0.05 ms.
Unloading 1995 Unused Serialized files (Serialized files now loaded: 0)
System memory in use before: 90.4 MB.
System memory in use after: 90.5 MB.

Unloading 15 unused Assets to reduce memory usage. Loaded Objects now: 2479.
Total: 2.580000 ms (FindLiveObjects: 0.203000 ms CreateObjectMapping: 0.056200 ms MarkObjects: 2.215100 ms  DeleteObjects: 0.104500 ms)

AssetImportParameters requested are different than current active one (requested -> active):
  custom:framework-win-MediaFoundation: 216162199b28c13a410421893ffa2e32 -> 
  custom:video-decoder-ogg-theora: a1e56fd34408186e4bbccfd4996cb3dc -> 
  custom:container-muxer-webm: aa71ff27fc2769a1b78a27578f13a17b -> 
  custom:container-demuxer-webm: 4f35f7cbe854078d1ac9338744f61a02 -> 
  custom:container-demuxer-ogg: 62fdf1f143b41e24485cea50d1cbac27 -> 
  custom:video-encoder-webm-vp8: eb34c28f22e8b96e1ab97ce403110664 -> 
  custom:video-decoder-webm-vp8: 9c59270c3fd7afecdb556c50c9e8de78 -> 
  custom:graphics/normal-map-encoding: 01000000000000000000000000000000 -> 02000000000000000000000000000000
  custom:audio-decoder-ogg-vorbis: bf7c407c2cedff20999df2af8eb42d56 -> 
  custom:audio-encoder-webm-vorbis: bf7c407c2cedff20999df2af8eb42d56 -> 
========================================================================
Received Prepare
Registering precompiled user dll's ...
Registered in 0.003170 seconds.
Begin MonoManager ReloadAssembly
Native extension for WindowsStandalone target not found
Refreshing native plugins compatible for Editor in 0.45 ms, found 5 plugins.
Preloading 1 native plugins for Editor in 0.05 ms.
NullReferenceException: Object reference not set to an instance of an object
  at Unity.XR.Oculus.OculusLoader.AssetPathToAbsolutePath (System.String assetPath) [0x00048] in D:\UNITY_PROJECTS\Liquid VR\Library\PackageCache\com.unity.xr.oculus@1.9.1\Runtime\OculusLoader.cs:249 
  at Unity.XR.Oculus.OculusLoader.EditorLoadOVRPlugin () [0x0007b] in D:\UNITY_PROJECTS\Liquid VR\Library\PackageCache\com.unity.xr.oculus@1.9.1\Runtime\OculusLoader.cs:234 

(Filename: Library/PackageCache/com.unity.xr.oculus@1.9.1/Runtime/OculusLoader.cs Line: 249)

Mono: successfully reloaded assembly
- Completed reload, in  0.979 seconds
Platform modules already initialized, skipping
Switching build target platform(19) subTarget(0) extendedPlatform(0) -> platform(13) subTarget(524288) extendedPlatform(0)
Refreshing native plugins compatible for Editor in 0.46 ms, found 5 plugins.
Preloading 1 native plugins for Editor in 0.06 ms.
Unloading 1995 Unused Serialized files (Serialized files now loaded: 0)
System memory in use before: 90.5 MB.
System memory in use after: 90.6 MB.

Unloading 15 unused Assets to reduce memory usage. Loaded Objects now: 2482.
Total: 2.209400 ms (FindLiveObjects: 0.194700 ms CreateObjectMapping: 0.056600 ms MarkObjects: 1.870500 ms  DeleteObjects: 0.086900 ms)

AssetImportParameters requested are different than current active one (requested -> active):
  custom:framework-win-MediaFoundation: 216162199b28c13a410421893ffa2e32 -> 
  custom:video-decoder-ogg-theora: a1e56fd34408186e4bbccfd4996cb3dc -> 
  custom:container-muxer-webm: aa71ff27fc2769a1b78a27578f13a17b -> 
  custom:container-demuxer-webm: 4f35f7cbe854078d1ac9338744f61a02 -> 
  custom:container-demuxer-ogg: 62fdf1f143b41e24485cea50d1cbac27 -> 
  custom:video-encoder-webm-vp8: eb34c28f22e8b96e1ab97ce403110664 -> 
  custom:video-decoder-webm-vp8: 9c59270c3fd7afecdb556c50c9e8de78 -> 
  custom:graphics/normal-map-encoding: 01000000000000000000000000000000 -> 02000000000000000000000000000000
  custom:audio-decoder-ogg-vorbis: bf7c407c2cedff20999df2af8eb42d56 -> 
  custom:audio-encoder-webm-vorbis: bf7c407c2cedff20999df2af8eb42d56 -> 
========================================================================
Received Import Request.
  Time since last request: 7936.807048 seconds.
  path: Assets/LiquidVR/Scripts/Interactables/LiquidControllerInput.cs
  artifactKey: Guid(3f3180ad72bcf0749a5acf7e8bf961bd) Importer(815301076,1909f56bfc062723c751e8b465ee728b)
Start importing Assets/LiquidVR/Scripts/Interactables/LiquidControllerInput.cs using Guid(3f3180ad72bcf0749a5acf7e8bf961bd) Importer(815301076,1909f56bfc062723c751e8b465ee728b)  -> (artifact id: '003d165ee355539c78fc8585f2ee0873') in 0.010034 seconds 
  Import took 0.014213 seconds .

========================================================================
Received Import Request.
  Time since last request: 0.002823 seconds.
  path: Assets/LiquidVR/Scripts/Interactables/LiquidControllerInput.cs
  artifactKey: Guid(3f3180ad72bcf0749a5acf7e8bf961bd) Importer(815301076,1909f56bfc062723c751e8b465ee728b)
Start importing Assets/LiquidVR/Scripts/Interactables/LiquidControllerInput.cs using Guid(3f3180ad72bcf0749a5acf7e8bf961bd) Importer(815301076,1909f56bfc062723c751e8b465ee728b)  -> (artifact id: '003d165ee355539c78fc8585f2ee0873') in 0.001996 seconds 
  Import took 0.005441 seconds .

========================================================================
Received Import Request.
  Time since last request: 7.346084 seconds.
  path: Assets/LiquidVR/Scripts/Interactables/LiquidGrabInteractable.cs
  artifactKey: Guid(a6199e276b6056b438ce1d5b45dd5bb4) Importer(815301076,1909f56bfc062723c751e8b465ee728b)
Start importing Assets/LiquidVR/Scripts/Interactables/LiquidGrabInteractable.cs using Guid(a6199e276b6056b438ce1d5b45dd5bb4) Importer(815301076,1909f56bfc062723c751e8b465ee728b)  -> (artifact id: 'df956c9218aec341039a64a1dca6ca32') in 0.005859 seconds 
  Import took 0.009761 seconds .

========================================================================
Received Import Request.
  Time since last request: 0.003066 seconds.
  path: Assets/LiquidVR/Scripts/Interactables/LiquidGrabInteractable.cs
  artifactKey: Guid(a6199e276b6056b438ce1d5b45dd5bb4) Importer(815301076,1909f56bfc062723c751e8b465ee728b)
Start importing Assets/LiquidVR/Scripts/Interactables/LiquidGrabInteractable.cs using Guid(a6199e276b6056b438ce1d5b45dd5bb4) Importer(815301076,1909f56bfc062723c751e8b465ee728b)  -> (artifact id: 'df956c9218aec341039a64a1dca6ca32') in 0.002368 seconds 
  Import took 0.005994 seconds .

========================================================================
Received Import Request.
  Time since last request: 13.425551 seconds.
  path: Assets/LiquidVR/Scripts/Interactables/LiquidPlayerStateMachine.cs
  artifactKey: Guid(10da0bd8ea4ebe64591e32f38a3899a1) Importer(815301076,1909f56bfc062723c751e8b465ee728b)
Start importing Assets/LiquidVR/Scripts/Interactables/LiquidPlayerStateMachine.cs using Guid(10da0bd8ea4ebe64591e32f38a3899a1) Importer(815301076,1909f56bfc062723c751e8b465ee728b)  -> (artifact id: 'db24f9c9410b4a6d7dd8e815cc8a873f') in 0.005636 seconds 
  Import took 0.009182 seconds .

========================================================================
Received Import Request.
  Time since last request: 1.356584 seconds.
  path: Assets/LiquidVR/Scripts/Interactables/LiquidRigTeleport.cs
  artifactKey: Guid(d9c2391052c0a344f8ada083cf5cf974) Importer(815301076,1909f56bfc062723c751e8b465ee728b)
Start importing Assets/LiquidVR/Scripts/Interactables/LiquidRigTeleport.cs using Guid(d9c2391052c0a344f8ada083cf5cf974) Importer(815301076,1909f56bfc062723c751e8b465ee728b)  -> (artifact id: 'f5a7fab17d670539e30cd0ca09630412') in 0.035903 seconds 
  Import took 0.038814 seconds .

========================================================================
Received Import Request.
  Time since last request: 80.987040 seconds.
  path: Assets/LiquidVR/Scripts/Interactables/TargetableSocket.cs
  artifactKey: Guid(e9a7b9d812e7d4846995c4c17ae6d84c) Importer(815301076,1909f56bfc062723c751e8b465ee728b)
Start importing Assets/LiquidVR/Scripts/Interactables/TargetableSocket.cs using Guid(e9a7b9d812e7d4846995c4c17ae6d84c) Importer(815301076,1909f56bfc062723c751e8b465ee728b)  -> (artifact id: '375538bbf9f6fc6add64269dfdc3226d') in 0.005883 seconds 
  Import took 0.009673 seconds .

========================================================================
Received Import Request.
  Time since last request: 0.005123 seconds.
  path: Assets/LiquidVR/Scripts/Interactables/TargetableSocket.cs
  artifactKey: Guid(e9a7b9d812e7d4846995c4c17ae6d84c) Importer(815301076,1909f56bfc062723c751e8b465ee728b)
Start importing Assets/LiquidVR/Scripts/Interactables/TargetableSocket.cs using Guid(e9a7b9d812e7d4846995c4c17ae6d84c) Importer(815301076,1909f56bfc062723c751e8b465ee728b)  -> (artifact id: '375538bbf9f6fc6add64269dfdc3226d') in 0.002268 seconds 
  Import took 0.005610 seconds .

========================================================================
Received Import Request.
  Time since last request: 16.045264 seconds.
  path: Assets/LiquidVR/Scripts/Interactables/LiquidTargetableSocket.cs
  artifactKey: Guid(e9a7b9d812e7d4846995c4c17ae6d84c) Importer(815301076,1909f56bfc062723c751e8b465ee728b)
Start importing Assets/LiquidVR/Scripts/Interactables/LiquidTargetableSocket.cs using Guid(e9a7b9d812e7d4846995c4c17ae6d84c) Importer(815301076,1909f56bfc062723c751e8b465ee728b)  -> (artifact id: 'beb8906c3dfe04fb2ea4c0323b157b54') in 0.005709 seconds 
  Import took 0.010127 seconds .

========================================================================
Received Import Request.
  Time since last request: 132.233220 seconds.
  path: Assets/LiquidVR/Scripts/Interactables/LiquidTargetableSocket.cs
  artifactKey: Guid(e9a7b9d812e7d4846995c4c17ae6d84c) Importer(815301076,1909f56bfc062723c751e8b465ee728b)
Start importing Assets/LiquidVR/Scripts/Interactables/LiquidTargetableSocket.cs using Guid(e9a7b9d812e7d4846995c4c17ae6d84c) Importer(815301076,1909f56bfc062723c751e8b465ee728b)  -> (artifact id: '488becfb7fe613cb739c67f0fd774e48') in 0.003263 seconds 
  Import took 0.008533 seconds .

========================================================================
Received Import Request.
  Time since last request: 29.637331 seconds.
  path: Assets/LiquidVR/Scripts/Interactables/Editor
  artifactKey: Guid(1ad4b528f5b215840be4fc6c8b9f3792) Importer(815301076,1909f56bfc062723c751e8b465ee728b)
Start importing Assets/LiquidVR/Scripts/Interactables/Editor using Guid(1ad4b528f5b215840be4fc6c8b9f3792) Importer(815301076,1909f56bfc062723c751e8b465ee728b)  -> (artifact id: 'c0aafc7c300625d9e29fcc93e62a5798') in 0.006599 seconds 
  Import took 0.010616 seconds .

========================================================================
Received Import Request.
  Time since last request: 46.719783 seconds.
  path: Assets/LiquidVR/Scripts/Editor/EditorUtils.cs
  artifactKey: Guid(6ba6cae35ff098f4f9d913de49c809ed) Importer(815301076,1909f56bfc062723c751e8b465ee728b)
Start importing Assets/LiquidVR/Scripts/Editor/EditorUtils.cs using Guid(6ba6cae35ff098f4f9d913de49c809ed) Importer(815301076,1909f56bfc062723c751e8b465ee728b)  -> (artifact id: '17f7966cbfa087e3a905f33f7453b5ca') in 0.778379 seconds 
  Import took 0.781413 seconds .

========================================================================
Received Prepare
Registering precompiled user dll's ...
Registered in 0.003387 seconds.
Begin MonoManager ReloadAssembly
Native extension for WindowsStandalone target not found
Refreshing native plugins compatible for Editor in 0.45 ms, found 5 plugins.
Preloading 1 native plugins for Editor in 0.06 ms.
NullReferenceException: Object reference not set to an instance of an object
  at Unity.XR.Oculus.OculusLoader.AssetPathToAbsolutePath (System.String assetPath) [0x00048] in D:\UNITY_PROJECTS\Liquid VR\Library\PackageCache\com.unity.xr.oculus@1.9.1\Runtime\OculusLoader.cs:249 
  at Unity.XR.Oculus.OculusLoader.EditorLoadOVRPlugin () [0x0007b] in D:\UNITY_PROJECTS\Liquid VR\Library\PackageCache\com.unity.xr.oculus@1.9.1\Runtime\OculusLoader.cs:234 

(Filename: Library/PackageCache/com.unity.xr.oculus@1.9.1/Runtime/OculusLoader.cs Line: 249)

Mono: successfully reloaded assembly
- Completed reload, in  0.973 seconds
Platform modules already initialized, skipping
Switching build target platform(19) subTarget(0) extendedPlatform(0) -> platform(13) subTarget(524288) extendedPlatform(0)
Refreshing native plugins compatible for Editor in 0.46 ms, found 5 plugins.
Preloading 1 native plugins for Editor in 0.06 ms.
Unloading 1998 Unused Serialized files (Serialized files now loaded: 0)
System memory in use before: 90.6 MB.
System memory in use after: 90.7 MB.

Unloading 15 unused Assets to reduce memory usage. Loaded Objects now: 2488.
Total: 2.367900 ms (FindLiveObjects: 0.196600 ms CreateObjectMapping: 0.067600 ms MarkObjects: 2.052400 ms  DeleteObjects: 0.050400 ms)

AssetImportParameters requested are different than current active one (requested -> active):
  custom:framework-win-MediaFoundation: 216162199b28c13a410421893ffa2e32 -> 
  custom:video-decoder-ogg-theora: a1e56fd34408186e4bbccfd4996cb3dc -> 
  custom:container-muxer-webm: aa71ff27fc2769a1b78a27578f13a17b -> 
  custom:container-demuxer-webm: 4f35f7cbe854078d1ac9338744f61a02 -> 
  custom:container-demuxer-ogg: 62fdf1f143b41e24485cea50d1cbac27 -> 
  custom:video-encoder-webm-vp8: eb34c28f22e8b96e1ab97ce403110664 -> 
  custom:video-decoder-webm-vp8: 9c59270c3fd7afecdb556c50c9e8de78 -> 
  custom:graphics/normal-map-encoding: 01000000000000000000000000000000 -> 02000000000000000000000000000000
  custom:audio-decoder-ogg-vorbis: bf7c407c2cedff20999df2af8eb42d56 -> 
  custom:audio-encoder-webm-vorbis: bf7c407c2cedff20999df2af8eb42d56 -> 
========================================================================
Received Prepare
Registering precompiled user dll's ...
Registered in 0.003353 seconds.
Begin MonoManager ReloadAssembly
Native extension for WindowsStandalone target not found
Refreshing native plugins compatible for Editor in 0.45 ms, found 5 plugins.
Preloading 1 native plugins for Editor in 0.05 ms.
NullReferenceException: Object reference not set to an instance of an object
  at Unity.XR.Oculus.OculusLoader.AssetPathToAbsolutePath (System.String assetPath) [0x00048] in D:\UNITY_PROJECTS\Liquid VR\Library\PackageCache\com.unity.xr.oculus@1.9.1\Runtime\OculusLoader.cs:249 
  at Unity.XR.Oculus.OculusLoader.EditorLoadOVRPlugin () [0x0007b] in D:\UNITY_PROJECTS\Liquid VR\Library\PackageCache\com.unity.xr.oculus@1.9.1\Runtime\OculusLoader.cs:234 

(Filename: Library/PackageCache/com.unity.xr.oculus@1.9.1/Runtime/OculusLoader.cs Line: 249)

Mono: successfully reloaded assembly
- Completed reload, in  0.994 seconds
Platform modules already initialized, skipping
Switching build target platform(19) subTarget(0) extendedPlatform(0) -> platform(13) subTarget(524288) extendedPlatform(0)
Refreshing native plugins compatible for Editor in 0.45 ms, found 5 plugins.
Preloading 1 native plugins for Editor in 0.05 ms.
Unloading 1998 Unused Serialized files (Serialized files now loaded: 0)
System memory in use before: 90.6 MB.
System memory in use after: 90.7 MB.

Unloading 15 unused Assets to reduce memory usage. Loaded Objects now: 2491.
Total: 2.595100 ms (FindLiveObjects: 0.198800 ms CreateObjectMapping: 0.063400 ms MarkObjects: 2.246000 ms  DeleteObjects: 0.085800 ms)

AssetImportParameters requested are different than current active one (requested -> active):
  custom:framework-win-MediaFoundation: 216162199b28c13a410421893ffa2e32 -> 
  custom:video-decoder-ogg-theora: a1e56fd34408186e4bbccfd4996cb3dc -> 
  custom:container-muxer-webm: aa71ff27fc2769a1b78a27578f13a17b -> 
  custom:container-demuxer-webm: 4f35f7cbe854078d1ac9338744f61a02 -> 
  custom:container-demuxer-ogg: 62fdf1f143b41e24485cea50d1cbac27 -> 
  custom:video-encoder-webm-vp8: eb34c28f22e8b96e1ab97ce403110664 -> 
  custom:video-decoder-webm-vp8: 9c59270c3fd7afecdb556c50c9e8de78 -> 
  custom:graphics/normal-map-encoding: 01000000000000000000000000000000 -> 02000000000000000000000000000000
  custom:audio-decoder-ogg-vorbis: bf7c407c2cedff20999df2af8eb42d56 -> 
  custom:audio-encoder-webm-vorbis: bf7c407c2cedff20999df2af8eb42d56 -> 
========================================================================
Received Prepare
Registering precompiled user dll's ...
Registered in 0.004055 seconds.
Begin MonoManager ReloadAssembly
Native extension for WindowsStandalone target not found
Refreshing native plugins compatible for Editor in 0.46 ms, found 5 plugins.
Preloading 1 native plugins for Editor in 0.05 ms.
NullReferenceException: Object reference not set to an instance of an object
  at Unity.XR.Oculus.OculusLoader.AssetPathToAbsolutePath (System.String assetPath) [0x00048] in D:\UNITY_PROJECTS\Liquid VR\Library\PackageCache\com.unity.xr.oculus@1.9.1\Runtime\OculusLoader.cs:249 
  at Unity.XR.Oculus.OculusLoader.EditorLoadOVRPlugin () [0x0007b] in D:\UNITY_PROJECTS\Liquid VR\Library\PackageCache\com.unity.xr.oculus@1.9.1\Runtime\OculusLoader.cs:234 

(Filename: Library/PackageCache/com.unity.xr.oculus@1.9.1/Runtime/OculusLoader.cs Line: 249)

Mono: successfully reloaded assembly
- Completed reload, in  1.223 seconds
Platform modules already initialized, skipping
Switching build target platform(19) subTarget(0) extendedPlatform(0) -> platform(13) subTarget(524288) extendedPlatform(0)
Refreshing native plugins compatible for Editor in 0.62 ms, found 5 plugins.
Preloading 1 native plugins for Editor in 0.06 ms.
Unloading 1998 Unused Serialized files (Serialized files now loaded: 0)
System memory in use before: 90.6 MB.
System memory in use after: 90.6 MB.

Unloading 15 unused Assets to reduce memory usage. Loaded Objects now: 2494.
Total: 3.020900 ms (FindLiveObjects: 0.298800 ms CreateObjectMapping: 0.111900 ms MarkObjects: 2.543200 ms  DeleteObjects: 0.065400 ms)

AssetImportParameters requested are different than current active one (requested -> active):
  custom:framework-win-MediaFoundation: 216162199b28c13a410421893ffa2e32 -> 
  custom:video-decoder-ogg-theora: a1e56fd34408186e4bbccfd4996cb3dc -> 
  custom:container-muxer-webm: aa71ff27fc2769a1b78a27578f13a17b -> 
  custom:container-demuxer-webm: 4f35f7cbe854078d1ac9338744f61a02 -> 
  custom:container-demuxer-ogg: 62fdf1f143b41e24485cea50d1cbac27 -> 
  custom:video-encoder-webm-vp8: eb34c28f22e8b96e1ab97ce403110664 -> 
  custom:video-decoder-webm-vp8: 9c59270c3fd7afecdb556c50c9e8de78 -> 
  custom:graphics/normal-map-encoding: 01000000000000000000000000000000 -> 02000000000000000000000000000000
  custom:audio-decoder-ogg-vorbis: bf7c407c2cedff20999df2af8eb42d56 -> 
  custom:audio-encoder-webm-vorbis: bf7c407c2cedff20999df2af8eb42d56 -> 
AssetImportWorkerClient::OnTransportError - code=2 error=End of file
