Using pre-set license
Built from '2020.3/staging' branch; Version is '2020.3.13f1 (71691879b7f5) revision 7432472'; Using compiler version '192528614'; Build Type 'Release'
OS: 'Windows 10 Pro; OS build 19042.1466; Version 2009; 64bit' Language: 'ru' Physical Memory: 32732 MB
BatchMode: 1, IsHumanControllingUs: 0, StartBugReporterOnCrash: 0, Is64bit: 1, IsPro: 0

 COMMAND LINE ARGUMENTS:
C:\Program Files\Unity\Hub\Editor\2020.3.13f1\Editor\Unity.exe
-adb2
-batchMode
-noUpm
-name
AssetImportWorker0
-projectPath
D:/UNITY_PROJECTS/Liquid VR
-logFile
Logs/AssetImportWorker0.log
-srvPort
53884
Successfully changed project path to: D:/UNITY_PROJECTS/Liquid VR
D:/UNITY_PROJECTS/Liquid VR
Using Asset Import Pipeline V2.
Refreshing native plugins compatible for Editor in 38.25 ms, found 5 plugins.
Preloading 1 native plugins for Editor in 0.99 ms.
Initialize engine version: 2020.3.13f1 (71691879b7f5)
[Subsystems] Discovering subsystems at path C:/Program Files/Unity/Hub/Editor/2020.3.13f1/Editor/Data/Resources/UnitySubsystems
[Subsystems] Discovering subsystems at path D:/UNITY_PROJECTS/Liquid VR/Assets
GfxDevice: creating device client; threaded=0
Direct3D:
    Version:  Direct3D 11.0 [level 11.1]
    Renderer: NVIDIA GeForce GTX 1060 6GB (ID=0x1c03)
    Vendor:   
    VRAM:     6052 MB
    Driver:   27.21.14.5671
Initialize mono
Mono path[0] = 'C:/Program Files/Unity/Hub/Editor/2020.3.13f1/Editor/Data/Managed'
Mono path[1] = 'C:/Program Files/Unity/Hub/Editor/2020.3.13f1/Editor/Data/MonoBleedingEdge/lib/mono/unityjit'
Mono config path = 'C:/Program Files/Unity/Hub/Editor/2020.3.13f1/Editor/Data/MonoBleedingEdge/etc'
Using monoOptions --debugger-agent=transport=dt_socket,embedding=1,server=y,suspend=n,address=127.0.0.1:56064
Begin MonoManager ReloadAssembly
Registering precompiled unity dll's ...
Register platform support module: C:/Program Files/Unity/Hub/Editor/2020.3.13f1/Editor/Data/PlaybackEngines/WindowsStandaloneSupport/UnityEditor.WindowsStandalone.Extensions.dll
Registered in 0.002381 seconds.
Native extension for WindowsStandalone target not found
Refreshing native plugins compatible for Editor in 36.38 ms, found 5 plugins.
Preloading 1 native plugins for Editor in 0.06 ms.
Mono: successfully reloaded assembly
- Completed reload, in  1.752 seconds
Platform modules already initialized, skipping
Registering precompiled user dll's ...
Registered in 0.003388 seconds.
Begin MonoManager ReloadAssembly
Native extension for WindowsStandalone target not found
Refreshing native plugins compatible for Editor in 34.36 ms, found 5 plugins.
Preloading 1 native plugins for Editor in 0.05 ms.
[XR] OculusXRPlugin: registering subsystems
[XR] Unable to register display lifecyle provider: [1]
[XR] Oculus Input lifecycle provider registered.
[XR] Unable to register input lifecyle provider: [1]
NullReferenceException: Object reference not set to an instance of an object
  at Unity.XR.Oculus.OculusLoader.AssetPathToAbsolutePath (System.String assetPath) [0x00048] in D:\UNITY_PROJECTS\Liquid VR\Library\PackageCache\com.unity.xr.oculus@1.9.1\Runtime\OculusLoader.cs:249 
  at Unity.XR.Oculus.OculusLoader.EditorLoadOVRPlugin () [0x0007b] in D:\UNITY_PROJECTS\Liquid VR\Library\PackageCache\com.unity.xr.oculus@1.9.1\Runtime\OculusLoader.cs:234 

(Filename: Library/PackageCache/com.unity.xr.oculus@1.9.1/Runtime/OculusLoader.cs Line: 249)

Mono: successfully reloaded assembly
- Completed reload, in  1.086 seconds
Platform modules already initialized, skipping
========================================================================
Worker process is ready to serve import requests
Launched and connected shader compiler UnityShaderCompiler.exe after 0.04 seconds
Refreshing native plugins compatible for Editor in 0.45 ms, found 5 plugins.
Preloading 1 native plugins for Editor in 0.06 ms.
Unloading 2051 Unused Serialized files (Serialized files now loaded: 0)
System memory in use before: 89.6 MB.
System memory in use after: 89.7 MB.

Unloading 21 unused Assets to reduce memory usage. Loaded Objects now: 2490.
Total: 2.384000 ms (FindLiveObjects: 0.213500 ms CreateObjectMapping: 0.078800 ms MarkObjects: 2.026300 ms  DeleteObjects: 0.064400 ms)

AssetImportParameters requested are different than current active one (requested -> active):
  custom:framework-win-MediaFoundation: 216162199b28c13a410421893ffa2e32 -> 
  custom:video-decoder-ogg-theora: a1e56fd34408186e4bbccfd4996cb3dc -> 
  custom:container-muxer-webm: aa71ff27fc2769a1b78a27578f13a17b -> 
  custom:container-demuxer-webm: 4f35f7cbe854078d1ac9338744f61a02 -> 
  custom:container-demuxer-ogg: 62fdf1f143b41e24485cea50d1cbac27 -> 
  custom:video-encoder-webm-vp8: eb34c28f22e8b96e1ab97ce403110664 -> 
  custom:video-decoder-webm-vp8: 9c59270c3fd7afecdb556c50c9e8de78 -> 
  custom:audio-decoder-ogg-vorbis: bf7c407c2cedff20999df2af8eb42d56 -> 
  custom:audio-encoder-webm-vorbis: bf7c407c2cedff20999df2af8eb42d56 -> 
========================================================================
Received Import Request.
  path: Assets/LiquidVR/Scripts/Interactables/StateMachines/SimpleState.cs
  artifactKey: Guid(56f02905ab57d76469af3c666a00ec37) Importer(815301076,1909f56bfc062723c751e8b465ee728b)
Start importing Assets/LiquidVR/Scripts/Interactables/StateMachines/SimpleState.cs using Guid(56f02905ab57d76469af3c666a00ec37) Importer(815301076,1909f56bfc062723c751e8b465ee728b)  -> (artifact id: 'c48ef919acab2ed945b3fd9737e85bc9') in 0.030525 seconds 
  Import took 0.033865 seconds .

========================================================================
Received Import Request.
  Time since last request: 0.000197 seconds.
  path: Assets/LiquidVR/Scripts/Interactables/StateMachines/SimpleStateMachine.cs
  artifactKey: Guid(b3c65dc8734ef304d82b61f8e01584ec) Importer(815301076,1909f56bfc062723c751e8b465ee728b)
Start importing Assets/LiquidVR/Scripts/Interactables/StateMachines/SimpleStateMachine.cs using Guid(b3c65dc8734ef304d82b61f8e01584ec) Importer(815301076,1909f56bfc062723c751e8b465ee728b)  -> (artifact id: '799c8145f62d7cdd6af6245483d90945') in 0.008349 seconds 
  Import took 0.011661 seconds .

========================================================================
Received Import Request.
  Time since last request: 1.271115 seconds.
  path: Assets/LiquidVR/Scripts/Interactables/StateMachines/Transaction.cs
  artifactKey: Guid(b5ad6aef9db45344c9cb938c8e1b85fd) Importer(815301076,1909f56bfc062723c751e8b465ee728b)
Start importing Assets/LiquidVR/Scripts/Interactables/StateMachines/Transaction.cs using Guid(b5ad6aef9db45344c9cb938c8e1b85fd) Importer(815301076,1909f56bfc062723c751e8b465ee728b)  -> (artifact id: 'ae9a003f2f4ed9d63c33f3d72b2c84be') in 0.007152 seconds 
  Import took 0.011334 seconds .

========================================================================
Received Import Request.
  Time since last request: 0.002616 seconds.
  path: Assets/LiquidVR/Scripts/Interactables/StateMachines/Transaction.cs
  artifactKey: Guid(b5ad6aef9db45344c9cb938c8e1b85fd) Importer(815301076,1909f56bfc062723c751e8b465ee728b)
Start importing Assets/LiquidVR/Scripts/Interactables/StateMachines/Transaction.cs using Guid(b5ad6aef9db45344c9cb938c8e1b85fd) Importer(815301076,1909f56bfc062723c751e8b465ee728b)  -> (artifact id: 'ae9a003f2f4ed9d63c33f3d72b2c84be') in 0.001951 seconds 
  Import took 0.027625 seconds .

========================================================================
Received Import Request.
  Time since last request: 381.268402 seconds.
  path: Assets/LiquidVR/Scripts/Interactables/StateMachines/IStateMachine.cs
  artifactKey: Guid(55237681350d38243a496ecb04432581) Importer(815301076,1909f56bfc062723c751e8b465ee728b)
Start importing Assets/LiquidVR/Scripts/Interactables/StateMachines/IStateMachine.cs using Guid(55237681350d38243a496ecb04432581) Importer(815301076,1909f56bfc062723c751e8b465ee728b)  -> (artifact id: '661ff99d473254bd40532fa0979b874d') in 0.006429 seconds 
  Import took 0.028875 seconds .

========================================================================
Received Import Request.
  Time since last request: 23.428545 seconds.
  path: Assets/LiquidVR/Scripts/Interactables/StateMachines
  artifactKey: Guid(68ab0f96b1c739c42be820295b17a75a) Importer(815301076,1909f56bfc062723c751e8b465ee728b)
Start importing Assets/LiquidVR/Scripts/Interactables/StateMachines using Guid(68ab0f96b1c739c42be820295b17a75a) Importer(815301076,1909f56bfc062723c751e8b465ee728b)  -> (artifact id: '64a597d1f2f7bca2c3bd96f5f6321223') in 0.006310 seconds 
  Import took 0.010059 seconds .

========================================================================
Received Import Request.
  Time since last request: 43.168741 seconds.
  path: Assets/LiquidVR/Scripts/Interactables/StateMachines/ScriptableStateMachine
  artifactKey: Guid(ae5c7f00582095446b4e311f7ffbf1f8) Importer(815301076,1909f56bfc062723c751e8b465ee728b)
Start importing Assets/LiquidVR/Scripts/Interactables/StateMachines/ScriptableStateMachine using Guid(ae5c7f00582095446b4e311f7ffbf1f8) Importer(815301076,1909f56bfc062723c751e8b465ee728b)  -> (artifact id: '15d7c4ad5f0ef95085c657126fca5080') in 0.006508 seconds 
  Import took 0.031736 seconds .

========================================================================
Received Import Request.
  Time since last request: 8.859549 seconds.
  path: Assets/LiquidVR/Scripts/Interactables/StateMachines/IState.cs
  artifactKey: Guid(8a1650625fb8f0f40bc8d0aa876f9a9f) Importer(815301076,1909f56bfc062723c751e8b465ee728b)
Start importing Assets/LiquidVR/Scripts/Interactables/StateMachines/IState.cs using Guid(8a1650625fb8f0f40bc8d0aa876f9a9f) Importer(815301076,1909f56bfc062723c751e8b465ee728b)  -> (artifact id: '8a49b70ff1f4a6140c05e745c9137dd0') in 0.005751 seconds 
  Import took 0.009470 seconds .

========================================================================
Received Import Request.
  Time since last request: 0.001706 seconds.
  path: Assets/LiquidVR/Scripts/Interactables/StateMachines/IState.cs
  artifactKey: Guid(8a1650625fb8f0f40bc8d0aa876f9a9f) Importer(815301076,1909f56bfc062723c751e8b465ee728b)
Start importing Assets/LiquidVR/Scripts/Interactables/StateMachines/IState.cs using Guid(8a1650625fb8f0f40bc8d0aa876f9a9f) Importer(815301076,1909f56bfc062723c751e8b465ee728b)  -> (artifact id: '8a49b70ff1f4a6140c05e745c9137dd0') in 0.001798 seconds 
  Import took 0.005019 seconds .

========================================================================
Received Prepare
Registering precompiled user dll's ...
Registered in 0.003067 seconds.
Begin MonoManager ReloadAssembly
Native extension for WindowsStandalone target not found
Refreshing native plugins compatible for Editor in 0.48 ms, found 5 plugins.
Preloading 1 native plugins for Editor in 0.06 ms.
NullReferenceException: Object reference not set to an instance of an object
  at Unity.XR.Oculus.OculusLoader.AssetPathToAbsolutePath (System.String assetPath) [0x00048] in D:\UNITY_PROJECTS\Liquid VR\Library\PackageCache\com.unity.xr.oculus@1.9.1\Runtime\OculusLoader.cs:249 
  at Unity.XR.Oculus.OculusLoader.EditorLoadOVRPlugin () [0x0007b] in D:\UNITY_PROJECTS\Liquid VR\Library\PackageCache\com.unity.xr.oculus@1.9.1\Runtime\OculusLoader.cs:234 

(Filename: Library/PackageCache/com.unity.xr.oculus@1.9.1/Runtime/OculusLoader.cs Line: 249)

Mono: successfully reloaded assembly
- Completed reload, in  1.001 seconds
Platform modules already initialized, skipping
Switching build target platform(19) subTarget(0) extendedPlatform(0) -> platform(13) subTarget(524288) extendedPlatform(0)
Refreshing native plugins compatible for Editor in 0.46 ms, found 5 plugins.
Preloading 1 native plugins for Editor in 0.05 ms.
Unloading 2023 Unused Serialized files (Serialized files now loaded: 0)
System memory in use before: 88.0 MB.
System memory in use after: 88.1 MB.

Unloading 15 unused Assets to reduce memory usage. Loaded Objects now: 2493.
Total: 2.405000 ms (FindLiveObjects: 0.185200 ms CreateObjectMapping: 0.074200 ms MarkObjects: 2.096900 ms  DeleteObjects: 0.047900 ms)

AssetImportParameters requested are different than current active one (requested -> active):
  custom:framework-win-MediaFoundation: 216162199b28c13a410421893ffa2e32 -> 
  custom:video-decoder-ogg-theora: a1e56fd34408186e4bbccfd4996cb3dc -> 
  custom:container-muxer-webm: aa71ff27fc2769a1b78a27578f13a17b -> 
  custom:container-demuxer-webm: 4f35f7cbe854078d1ac9338744f61a02 -> 
  custom:container-demuxer-ogg: 62fdf1f143b41e24485cea50d1cbac27 -> 
  custom:video-encoder-webm-vp8: eb34c28f22e8b96e1ab97ce403110664 -> 
  custom:video-decoder-webm-vp8: 9c59270c3fd7afecdb556c50c9e8de78 -> 
  custom:graphics/normal-map-encoding: 01000000000000000000000000000000 -> 02000000000000000000000000000000
  custom:audio-decoder-ogg-vorbis: bf7c407c2cedff20999df2af8eb42d56 -> 
  custom:audio-encoder-webm-vorbis: bf7c407c2cedff20999df2af8eb42d56 -> 
========================================================================
Received Import Request.
  Time since last request: 98.012312 seconds.
  path: Assets/LiquidVR/Scripts/Interactables/StateMachines/AnimatorBasedStateMachine
  artifactKey: Guid(dd782e771afe6554295a8fac594d0baa) Importer(815301076,1909f56bfc062723c751e8b465ee728b)
Start importing Assets/LiquidVR/Scripts/Interactables/StateMachines/AnimatorBasedStateMachine using Guid(dd782e771afe6554295a8fac594d0baa) Importer(815301076,1909f56bfc062723c751e8b465ee728b)  -> (artifact id: '4cfebf866099107bece61eb963141e4d') in 0.007384 seconds 
  Import took 0.010605 seconds .

========================================================================
Received Import Request.
  Time since last request: 0.002531 seconds.
  path: Assets/LiquidVR/Scripts/Interactables/StateMachines/AnimatorBasedStateMachine
  artifactKey: Guid(dd782e771afe6554295a8fac594d0baa) Importer(815301076,1909f56bfc062723c751e8b465ee728b)
Start importing Assets/LiquidVR/Scripts/Interactables/StateMachines/AnimatorBasedStateMachine using Guid(dd782e771afe6554295a8fac594d0baa) Importer(815301076,1909f56bfc062723c751e8b465ee728b)  -> (artifact id: '4cfebf866099107bece61eb963141e4d') in 0.001668 seconds 
  Import took 0.004985 seconds .

========================================================================
Received Import Request.
  Time since last request: 35.260814 seconds.
  path: Assets/LiquidVR/Scripts/Interactables/StateMachines/AnimatorBasedStateMachine/LiqudPlayerStateMachine.controller
  artifactKey: Guid(5c1374c6ff7c9b64c9e0750dfa264fb6) Importer(815301076,1909f56bfc062723c751e8b465ee728b)
Start importing Assets/LiquidVR/Scripts/Interactables/StateMachines/AnimatorBasedStateMachine/LiqudPlayerStateMachine.controller using Guid(5c1374c6ff7c9b64c9e0750dfa264fb6) Importer(815301076,1909f56bfc062723c751e8b465ee728b)  -> (artifact id: '87a11d96ff72342cc8f96dba1d00b094') in 0.020858 seconds 
  Import took 0.024137 seconds .

========================================================================
Received Prepare
Registering precompiled user dll's ...
Registered in 0.003122 seconds.
Begin MonoManager ReloadAssembly
Native extension for WindowsStandalone target not found
Refreshing native plugins compatible for Editor in 0.79 ms, found 5 plugins.
Preloading 1 native plugins for Editor in 0.08 ms.
NullReferenceException: Object reference not set to an instance of an object
  at Unity.XR.Oculus.OculusLoader.AssetPathToAbsolutePath (System.String assetPath) [0x00048] in D:\UNITY_PROJECTS\Liquid VR\Library\PackageCache\com.unity.xr.oculus@1.9.1\Runtime\OculusLoader.cs:249 
  at Unity.XR.Oculus.OculusLoader.EditorLoadOVRPlugin () [0x0007b] in D:\UNITY_PROJECTS\Liquid VR\Library\PackageCache\com.unity.xr.oculus@1.9.1\Runtime\OculusLoader.cs:234 

(Filename: Library/PackageCache/com.unity.xr.oculus@1.9.1/Runtime/OculusLoader.cs Line: 249)

Mono: successfully reloaded assembly
- Completed reload, in  1.005 seconds
Platform modules already initialized, skipping
Switching build target platform(19) subTarget(0) extendedPlatform(0) -> platform(13) subTarget(524288) extendedPlatform(0)
Refreshing native plugins compatible for Editor in 0.46 ms, found 5 plugins.
Preloading 1 native plugins for Editor in 0.05 ms.
Unloading 2023 Unused Serialized files (Serialized files now loaded: 0)
System memory in use before: 88.1 MB.
System memory in use after: 88.2 MB.

Unloading 15 unused Assets to reduce memory usage. Loaded Objects now: 2496.
Total: 2.183600 ms (FindLiveObjects: 0.204900 ms CreateObjectMapping: 0.087200 ms MarkObjects: 1.828900 ms  DeleteObjects: 0.061600 ms)

AssetImportParameters requested are different than current active one (requested -> active):
  custom:framework-win-MediaFoundation: 216162199b28c13a410421893ffa2e32 -> 
  custom:video-decoder-ogg-theora: a1e56fd34408186e4bbccfd4996cb3dc -> 
  custom:container-muxer-webm: aa71ff27fc2769a1b78a27578f13a17b -> 
  custom:container-demuxer-webm: 4f35f7cbe854078d1ac9338744f61a02 -> 
  custom:container-demuxer-ogg: 62fdf1f143b41e24485cea50d1cbac27 -> 
  custom:video-encoder-webm-vp8: eb34c28f22e8b96e1ab97ce403110664 -> 
  custom:video-decoder-webm-vp8: 9c59270c3fd7afecdb556c50c9e8de78 -> 
  custom:graphics/normal-map-encoding: 01000000000000000000000000000000 -> 02000000000000000000000000000000
  custom:audio-decoder-ogg-vorbis: bf7c407c2cedff20999df2af8eb42d56 -> 
  custom:audio-encoder-webm-vorbis: bf7c407c2cedff20999df2af8eb42d56 -> 
========================================================================
Received Prepare
Registering precompiled user dll's ...
Registered in 0.003379 seconds.
Begin MonoManager ReloadAssembly
Native extension for WindowsStandalone target not found
Refreshing native plugins compatible for Editor in 0.46 ms, found 5 plugins.
Preloading 1 native plugins for Editor in 0.05 ms.
NullReferenceException: Object reference not set to an instance of an object
  at Unity.XR.Oculus.OculusLoader.AssetPathToAbsolutePath (System.String assetPath) [0x00048] in D:\UNITY_PROJECTS\Liquid VR\Library\PackageCache\com.unity.xr.oculus@1.9.1\Runtime\OculusLoader.cs:249 
  at Unity.XR.Oculus.OculusLoader.EditorLoadOVRPlugin () [0x0007b] in D:\UNITY_PROJECTS\Liquid VR\Library\PackageCache\com.unity.xr.oculus@1.9.1\Runtime\OculusLoader.cs:234 

(Filename: Library/PackageCache/com.unity.xr.oculus@1.9.1/Runtime/OculusLoader.cs Line: 249)

Mono: successfully reloaded assembly
- Completed reload, in  0.990 seconds
Platform modules already initialized, skipping
Switching build target platform(19) subTarget(0) extendedPlatform(0) -> platform(13) subTarget(524288) extendedPlatform(0)
Refreshing native plugins compatible for Editor in 0.53 ms, found 5 plugins.
Preloading 1 native plugins for Editor in 0.07 ms.
Unloading 2023 Unused Serialized files (Serialized files now loaded: 0)
System memory in use before: 88.1 MB.
System memory in use after: 88.2 MB.

Unloading 15 unused Assets to reduce memory usage. Loaded Objects now: 2499.
Total: 2.312300 ms (FindLiveObjects: 0.239800 ms CreateObjectMapping: 0.067300 ms MarkObjects: 1.959300 ms  DeleteObjects: 0.045000 ms)

AssetImportParameters requested are different than current active one (requested -> active):
  custom:framework-win-MediaFoundation: 216162199b28c13a410421893ffa2e32 -> 
  custom:video-decoder-ogg-theora: a1e56fd34408186e4bbccfd4996cb3dc -> 
  custom:container-muxer-webm: aa71ff27fc2769a1b78a27578f13a17b -> 
  custom:container-demuxer-webm: 4f35f7cbe854078d1ac9338744f61a02 -> 
  custom:container-demuxer-ogg: 62fdf1f143b41e24485cea50d1cbac27 -> 
  custom:video-encoder-webm-vp8: eb34c28f22e8b96e1ab97ce403110664 -> 
  custom:video-decoder-webm-vp8: 9c59270c3fd7afecdb556c50c9e8de78 -> 
  custom:graphics/normal-map-encoding: 01000000000000000000000000000000 -> 02000000000000000000000000000000
  custom:audio-decoder-ogg-vorbis: bf7c407c2cedff20999df2af8eb42d56 -> 
  custom:audio-encoder-webm-vorbis: bf7c407c2cedff20999df2af8eb42d56 -> 
========================================================================
Received Prepare
Registering precompiled user dll's ...
Registered in 0.003332 seconds.
Begin MonoManager ReloadAssembly
Native extension for WindowsStandalone target not found
Refreshing native plugins compatible for Editor in 0.51 ms, found 5 plugins.
Preloading 1 native plugins for Editor in 0.06 ms.
NullReferenceException: Object reference not set to an instance of an object
  at Unity.XR.Oculus.OculusLoader.AssetPathToAbsolutePath (System.String assetPath) [0x00048] in D:\UNITY_PROJECTS\Liquid VR\Library\PackageCache\com.unity.xr.oculus@1.9.1\Runtime\OculusLoader.cs:249 
  at Unity.XR.Oculus.OculusLoader.EditorLoadOVRPlugin () [0x0007b] in D:\UNITY_PROJECTS\Liquid VR\Library\PackageCache\com.unity.xr.oculus@1.9.1\Runtime\OculusLoader.cs:234 

(Filename: Library/PackageCache/com.unity.xr.oculus@1.9.1/Runtime/OculusLoader.cs Line: 249)

Mono: successfully reloaded assembly
- Completed reload, in  1.036 seconds
Platform modules already initialized, skipping
Switching build target platform(19) subTarget(0) extendedPlatform(0) -> platform(13) subTarget(524288) extendedPlatform(0)
Refreshing native plugins compatible for Editor in 0.50 ms, found 5 plugins.
Preloading 1 native plugins for Editor in 0.05 ms.
Unloading 2023 Unused Serialized files (Serialized files now loaded: 0)
System memory in use before: 88.1 MB.
System memory in use after: 88.2 MB.

Unloading 15 unused Assets to reduce memory usage. Loaded Objects now: 2502.
Total: 2.025100 ms (FindLiveObjects: 0.219600 ms CreateObjectMapping: 0.084800 ms MarkObjects: 1.671000 ms  DeleteObjects: 0.048900 ms)

AssetImportParameters requested are different than current active one (requested -> active):
  custom:framework-win-MediaFoundation: 216162199b28c13a410421893ffa2e32 -> 
  custom:video-decoder-ogg-theora: a1e56fd34408186e4bbccfd4996cb3dc -> 
  custom:container-muxer-webm: aa71ff27fc2769a1b78a27578f13a17b -> 
  custom:container-demuxer-webm: 4f35f7cbe854078d1ac9338744f61a02 -> 
  custom:container-demuxer-ogg: 62fdf1f143b41e24485cea50d1cbac27 -> 
  custom:video-encoder-webm-vp8: eb34c28f22e8b96e1ab97ce403110664 -> 
  custom:video-decoder-webm-vp8: 9c59270c3fd7afecdb556c50c9e8de78 -> 
  custom:graphics/normal-map-encoding: 01000000000000000000000000000000 -> 02000000000000000000000000000000
  custom:audio-decoder-ogg-vorbis: bf7c407c2cedff20999df2af8eb42d56 -> 
  custom:audio-encoder-webm-vorbis: bf7c407c2cedff20999df2af8eb42d56 -> 
========================================================================
Received Import Request.
  Time since last request: 778.824562 seconds.
  path: Assets/LiquidVR/Scripts/Interactables/StateMachines/IStateMachine.cs
  artifactKey: Guid(55237681350d38243a496ecb04432581) Importer(815301076,1909f56bfc062723c751e8b465ee728b)
Start importing Assets/LiquidVR/Scripts/Interactables/StateMachines/IStateMachine.cs using Guid(55237681350d38243a496ecb04432581) Importer(815301076,1909f56bfc062723c751e8b465ee728b)  -> (artifact id: 'ced28524de4fd08437e901f6a976c9a7') in 0.007328 seconds 
  Import took 0.019472 seconds .

========================================================================
Received Import Request.
  Time since last request: 470.019140 seconds.
  path: Assets/LiquidVR/Scripts/Interactables/StateMachines/AnimatorBasedStateMachine/BaseAnimatorStateMachineBehaviour.cs
  artifactKey: Guid(dbc61b792fd1d7d4f9178b72b7f388da) Importer(815301076,1909f56bfc062723c751e8b465ee728b)
Start importing Assets/LiquidVR/Scripts/Interactables/StateMachines/AnimatorBasedStateMachine/BaseAnimatorStateMachineBehaviour.cs using Guid(dbc61b792fd1d7d4f9178b72b7f388da) Importer(815301076,1909f56bfc062723c751e8b465ee728b)  -> (artifact id: '3b76b84672df4d8e3a908035f66cd8f9') in 0.009327 seconds 
  Import took 0.016449 seconds .

========================================================================
Received Prepare
Registering precompiled user dll's ...
Registered in 0.004191 seconds.
Begin MonoManager ReloadAssembly
Native extension for WindowsStandalone target not found
Refreshing native plugins compatible for Editor in 0.47 ms, found 5 plugins.
Preloading 1 native plugins for Editor in 0.06 ms.
NullReferenceException: Object reference not set to an instance of an object
  at Unity.XR.Oculus.OculusLoader.AssetPathToAbsolutePath (System.String assetPath) [0x00048] in D:\UNITY_PROJECTS\Liquid VR\Library\PackageCache\com.unity.xr.oculus@1.9.1\Runtime\OculusLoader.cs:249 
  at Unity.XR.Oculus.OculusLoader.EditorLoadOVRPlugin () [0x0007b] in D:\UNITY_PROJECTS\Liquid VR\Library\PackageCache\com.unity.xr.oculus@1.9.1\Runtime\OculusLoader.cs:234 

(Filename: Library/PackageCache/com.unity.xr.oculus@1.9.1/Runtime/OculusLoader.cs Line: 249)

Mono: successfully reloaded assembly
- Completed reload, in  1.006 seconds
Platform modules already initialized, skipping
Switching build target platform(19) subTarget(0) extendedPlatform(0) -> platform(13) subTarget(524288) extendedPlatform(0)
Refreshing native plugins compatible for Editor in 0.46 ms, found 5 plugins.
Preloading 1 native plugins for Editor in 0.05 ms.
Unloading 2024 Unused Serialized files (Serialized files now loaded: 0)
System memory in use before: 88.1 MB.
System memory in use after: 88.2 MB.

Unloading 15 unused Assets to reduce memory usage. Loaded Objects now: 2506.
Total: 2.281100 ms (FindLiveObjects: 0.189100 ms CreateObjectMapping: 0.082800 ms MarkObjects: 1.956200 ms  DeleteObjects: 0.052000 ms)

AssetImportParameters requested are different than current active one (requested -> active):
  custom:framework-win-MediaFoundation: 216162199b28c13a410421893ffa2e32 -> 
  custom:video-decoder-ogg-theora: a1e56fd34408186e4bbccfd4996cb3dc -> 
  custom:container-muxer-webm: aa71ff27fc2769a1b78a27578f13a17b -> 
  custom:container-demuxer-webm: 4f35f7cbe854078d1ac9338744f61a02 -> 
  custom:container-demuxer-ogg: 62fdf1f143b41e24485cea50d1cbac27 -> 
  custom:video-encoder-webm-vp8: eb34c28f22e8b96e1ab97ce403110664 -> 
  custom:video-decoder-webm-vp8: 9c59270c3fd7afecdb556c50c9e8de78 -> 
  custom:graphics/normal-map-encoding: 01000000000000000000000000000000 -> 02000000000000000000000000000000
  custom:audio-decoder-ogg-vorbis: bf7c407c2cedff20999df2af8eb42d56 -> 
  custom:audio-encoder-webm-vorbis: bf7c407c2cedff20999df2af8eb42d56 -> 
========================================================================
Received Prepare
Registering precompiled user dll's ...
Registered in 0.003965 seconds.
Begin MonoManager ReloadAssembly
Native extension for WindowsStandalone target not found
Refreshing native plugins compatible for Editor in 0.46 ms, found 5 plugins.
Preloading 1 native plugins for Editor in 0.05 ms.
NullReferenceException: Object reference not set to an instance of an object
  at Unity.XR.Oculus.OculusLoader.AssetPathToAbsolutePath (System.String assetPath) [0x00048] in D:\UNITY_PROJECTS\Liquid VR\Library\PackageCache\com.unity.xr.oculus@1.9.1\Runtime\OculusLoader.cs:249 
  at Unity.XR.Oculus.OculusLoader.EditorLoadOVRPlugin () [0x0007b] in D:\UNITY_PROJECTS\Liquid VR\Library\PackageCache\com.unity.xr.oculus@1.9.1\Runtime\OculusLoader.cs:234 

(Filename: Library/PackageCache/com.unity.xr.oculus@1.9.1/Runtime/OculusLoader.cs Line: 249)

Mono: successfully reloaded assembly
- Completed reload, in  1.028 seconds
Platform modules already initialized, skipping
Switching build target platform(19) subTarget(0) extendedPlatform(0) -> platform(13) subTarget(524288) extendedPlatform(0)
Refreshing native plugins compatible for Editor in 0.47 ms, found 5 plugins.
Preloading 1 native plugins for Editor in 0.05 ms.
Unloading 2024 Unused Serialized files (Serialized files now loaded: 0)
System memory in use before: 88.2 MB.
System memory in use after: 88.2 MB.

Unloading 15 unused Assets to reduce memory usage. Loaded Objects now: 2509.
Total: 2.117300 ms (FindLiveObjects: 0.201100 ms CreateObjectMapping: 0.081600 ms MarkObjects: 1.784200 ms  DeleteObjects: 0.049500 ms)

AssetImportParameters requested are different than current active one (requested -> active):
  custom:framework-win-MediaFoundation: 216162199b28c13a410421893ffa2e32 -> 
  custom:video-decoder-ogg-theora: a1e56fd34408186e4bbccfd4996cb3dc -> 
  custom:container-muxer-webm: aa71ff27fc2769a1b78a27578f13a17b -> 
  custom:container-demuxer-webm: 4f35f7cbe854078d1ac9338744f61a02 -> 
  custom:container-demuxer-ogg: 62fdf1f143b41e24485cea50d1cbac27 -> 
  custom:video-encoder-webm-vp8: eb34c28f22e8b96e1ab97ce403110664 -> 
  custom:video-decoder-webm-vp8: 9c59270c3fd7afecdb556c50c9e8de78 -> 
  custom:graphics/normal-map-encoding: 01000000000000000000000000000000 -> 02000000000000000000000000000000
  custom:audio-decoder-ogg-vorbis: bf7c407c2cedff20999df2af8eb42d56 -> 
  custom:audio-encoder-webm-vorbis: bf7c407c2cedff20999df2af8eb42d56 -> 
========================================================================
Received Import Request.
  Time since last request: 656.001726 seconds.
  path: Assets/LiquidVR/Scripts/Interactables/StateMachines/AnimatorBasedStateMachine/BaseAnimatorStateMachineBehaviour.cs
  artifactKey: Guid(dbc61b792fd1d7d4f9178b72b7f388da) Importer(815301076,1909f56bfc062723c751e8b465ee728b)
Start importing Assets/LiquidVR/Scripts/Interactables/StateMachines/AnimatorBasedStateMachine/BaseAnimatorStateMachineBehaviour.cs using Guid(dbc61b792fd1d7d4f9178b72b7f388da) Importer(815301076,1909f56bfc062723c751e8b465ee728b)  -> (artifact id: '368db925c6736c90fe36b2d73eddaad2') in 0.003865 seconds 
  Import took 0.006982 seconds .

========================================================================
Received Import Request.
  Time since last request: 145.790513 seconds.
  path: Assets/LiquidVR/Scripts/Core/Enums.cs
  artifactKey: Guid(727a25d2d79ca2f42b040d9f3bf65065) Importer(815301076,1909f56bfc062723c751e8b465ee728b)
Start importing Assets/LiquidVR/Scripts/Core/Enums.cs using Guid(727a25d2d79ca2f42b040d9f3bf65065) Importer(815301076,1909f56bfc062723c751e8b465ee728b)  -> (artifact id: '56bf1acec81ede77e3c768f1bf6592b1') in 0.006197 seconds 
  Import took 0.009879 seconds .

========================================================================
Received Import Request.
  Time since last request: 0.021890 seconds.
  path: Assets/LiquidVR/Scripts/Core/Enums.cs
  artifactKey: Guid(727a25d2d79ca2f42b040d9f3bf65065) Importer(815301076,1909f56bfc062723c751e8b465ee728b)
Start importing Assets/LiquidVR/Scripts/Core/Enums.cs using Guid(727a25d2d79ca2f42b040d9f3bf65065) Importer(815301076,1909f56bfc062723c751e8b465ee728b)  -> (artifact id: '56bf1acec81ede77e3c768f1bf6592b1') in 0.002561 seconds 
  Import took 0.006169 seconds .

========================================================================
Received Import Request.
  Time since last request: 163.394169 seconds.
  path: Assets/LiquidVR/Scripts/Interactables/StateMachines/AnimatorBasedStateMachine/GrabState.asset
  artifactKey: Guid(7fbf0a174dcac7d4c8539f833a64706f) Importer(815301076,1909f56bfc062723c751e8b465ee728b)
Start importing Assets/LiquidVR/Scripts/Interactables/StateMachines/AnimatorBasedStateMachine/GrabState.asset using Guid(7fbf0a174dcac7d4c8539f833a64706f) Importer(815301076,1909f56bfc062723c751e8b465ee728b)  -> (artifact id: '87fd3e30500ab373030f86992508295f') in 0.016720 seconds 
  Import took 0.020275 seconds .

========================================================================
Received Import Request.
  Time since last request: 0.000970 seconds.
  path: Assets/LiquidVR/Scripts/Interactables/StateMachines/AnimatorBasedStateMachine/GrabState.asset
  artifactKey: Guid(7fbf0a174dcac7d4c8539f833a64706f) Importer(815301076,1909f56bfc062723c751e8b465ee728b)
Start importing Assets/LiquidVR/Scripts/Interactables/StateMachines/AnimatorBasedStateMachine/GrabState.asset using Guid(7fbf0a174dcac7d4c8539f833a64706f) Importer(815301076,1909f56bfc062723c751e8b465ee728b)  -> (artifact id: '87fd3e30500ab373030f86992508295f') in 0.002412 seconds 
  Import took 0.006210 seconds .

========================================================================
Received Import Request.
  Time since last request: 4.132757 seconds.
  path: Assets/LiquidVR/Scripts/Interactables/StateMachines/AnimatorBasedStateMachine/GrabState 1.asset
  artifactKey: Guid(8f6b1d28a9b56d84d996214fb0e92dfa) Importer(815301076,1909f56bfc062723c751e8b465ee728b)
Start importing Assets/LiquidVR/Scripts/Interactables/StateMachines/AnimatorBasedStateMachine/GrabState 1.asset using Guid(8f6b1d28a9b56d84d996214fb0e92dfa) Importer(815301076,1909f56bfc062723c751e8b465ee728b)  -> (artifact id: '8865b9ab029318e81d53eb732d90b893') in 0.006136 seconds 
  Import took 0.009937 seconds .

========================================================================
Received Import Request.
  Time since last request: 14.289708 seconds.
  path: Assets/LiquidVR/Scripts/Interactables/StateMachines/AnimatorBasedStateMachine/TeleportingState.asset
  artifactKey: Guid(8f6b1d28a9b56d84d996214fb0e92dfa) Importer(815301076,1909f56bfc062723c751e8b465ee728b)
Start importing Assets/LiquidVR/Scripts/Interactables/StateMachines/AnimatorBasedStateMachine/TeleportingState.asset using Guid(8f6b1d28a9b56d84d996214fb0e92dfa) Importer(815301076,1909f56bfc062723c751e8b465ee728b)  -> (artifact id: '0491e1c2c7e88742de6aeef89f31b586') in 0.007675 seconds 
  Import took 0.011438 seconds .

========================================================================
Received Import Request.
  Time since last request: 22.174125 seconds.
  path: Assets/LiquidVR/Scripts/Interactables/StateMachines/AnimatorBasedStateMachine/LiqudPlayerStateMachine.controller
  artifactKey: Guid(5c1374c6ff7c9b64c9e0750dfa264fb6) Importer(815301076,1909f56bfc062723c751e8b465ee728b)
Start importing Assets/LiquidVR/Scripts/Interactables/StateMachines/AnimatorBasedStateMachine/LiqudPlayerStateMachine.controller using Guid(5c1374c6ff7c9b64c9e0750dfa264fb6) Importer(815301076,1909f56bfc062723c751e8b465ee728b)  -> (artifact id: 'd9bc70d1afbdeb607293ab8e9e353e65') in 0.007838 seconds 
  Import took 0.012064 seconds .

========================================================================
Received Import Request.
  Time since last request: 17.650512 seconds.
  path: Assets/LiquidVR/Scripts/Interactables/StateMachines/AnimatorBasedStateMachine/TeleportState.asset
  artifactKey: Guid(8f6b1d28a9b56d84d996214fb0e92dfa) Importer(815301076,1909f56bfc062723c751e8b465ee728b)
Start importing Assets/LiquidVR/Scripts/Interactables/StateMachines/AnimatorBasedStateMachine/TeleportState.asset using Guid(8f6b1d28a9b56d84d996214fb0e92dfa) Importer(815301076,1909f56bfc062723c751e8b465ee728b)  -> (artifact id: '2d503449b54f423a0b5eed804e337bc2') in 0.006052 seconds 
  Import took 0.009807 seconds .

========================================================================
Received Import Request.
  Time since last request: 4.674870 seconds.
  path: Assets/LiquidVR/Scripts/Interactables/StateMachines/AnimatorBasedStateMachine/TeleportState 1.asset
  artifactKey: Guid(d2bd3b469f7f1e24aa703d2b3ecf3d3d) Importer(815301076,1909f56bfc062723c751e8b465ee728b)
Start importing Assets/LiquidVR/Scripts/Interactables/StateMachines/AnimatorBasedStateMachine/TeleportState 1.asset using Guid(d2bd3b469f7f1e24aa703d2b3ecf3d3d) Importer(815301076,1909f56bfc062723c751e8b465ee728b)  -> (artifact id: 'e4c36dc9d6847ba2903dae76644297b3') in 0.006410 seconds 
  Import took 0.009954 seconds .

========================================================================
Received Import Request.
  Time since last request: 8.132438 seconds.
  path: Assets/LiquidVR/Scripts/Interactables/StateMachines/AnimatorBasedStateMachine/InteractUI.asset
  artifactKey: Guid(d2bd3b469f7f1e24aa703d2b3ecf3d3d) Importer(815301076,1909f56bfc062723c751e8b465ee728b)
Start importing Assets/LiquidVR/Scripts/Interactables/StateMachines/AnimatorBasedStateMachine/InteractUI.asset using Guid(d2bd3b469f7f1e24aa703d2b3ecf3d3d) Importer(815301076,1909f56bfc062723c751e8b465ee728b)  -> (artifact id: '45a630ec81cca8820ba27bb2c437aa80') in 0.005707 seconds 
  Import took 0.009120 seconds .

========================================================================
Received Import Request.
  Time since last request: 6.491290 seconds.
  path: Assets/LiquidVR/Scripts/Interactables/StateMachines/AnimatorBasedStateMachine/InteractUI 1.asset
  artifactKey: Guid(5f8e58ea26a458047abfabc60f47137d) Importer(815301076,1909f56bfc062723c751e8b465ee728b)
Start importing Assets/LiquidVR/Scripts/Interactables/StateMachines/AnimatorBasedStateMachine/InteractUI 1.asset using Guid(5f8e58ea26a458047abfabc60f47137d) Importer(815301076,1909f56bfc062723c751e8b465ee728b)  -> (artifact id: '357266e2fc36f1c182ab2ef2ee61b196') in 0.006242 seconds 
  Import took 0.017783 seconds .

========================================================================
Received Import Request.
  Time since last request: 3.041281 seconds.
  path: Assets/LiquidVR/Scripts/Interactables/StateMachines/AnimatorBasedStateMachine/Interact.asset
  artifactKey: Guid(5f8e58ea26a458047abfabc60f47137d) Importer(815301076,1909f56bfc062723c751e8b465ee728b)
Start importing Assets/LiquidVR/Scripts/Interactables/StateMachines/AnimatorBasedStateMachine/Interact.asset using Guid(5f8e58ea26a458047abfabc60f47137d) Importer(815301076,1909f56bfc062723c751e8b465ee728b)  -> (artifact id: 'a6eacd8727a66eb169241c9fd79d04b3') in 0.007523 seconds 
  Import took 0.010951 seconds .

========================================================================
Received Import Request.
  Time since last request: 209.169474 seconds.
  path: Assets/LiquidVR/Scripts/Interactables/StateMachines/AnimatorBasedStateMachine/LiqudPlayerStateMachine.controller
  artifactKey: Guid(5c1374c6ff7c9b64c9e0750dfa264fb6) Importer(815301076,1909f56bfc062723c751e8b465ee728b)
Start importing Assets/LiquidVR/Scripts/Interactables/StateMachines/AnimatorBasedStateMachine/LiqudPlayerStateMachine.controller using Guid(5c1374c6ff7c9b64c9e0750dfa264fb6) Importer(815301076,1909f56bfc062723c751e8b465ee728b)  -> (artifact id: '0302200115b9bfaa01bf6293830e2643') in 0.004012 seconds 
  Import took 0.009127 seconds .

========================================================================
Received Import Request.
  Time since last request: 0.001090 seconds.
  path: Assets/LiquidVR/Scripts/Interactables/StateMachines/AnimatorBasedStateMachine/LiqudPlayerStateMachine.controller
  artifactKey: Guid(5c1374c6ff7c9b64c9e0750dfa264fb6) Importer(815301076,1909f56bfc062723c751e8b465ee728b)
Start importing Assets/LiquidVR/Scripts/Interactables/StateMachines/AnimatorBasedStateMachine/LiqudPlayerStateMachine.controller using Guid(5c1374c6ff7c9b64c9e0750dfa264fb6) Importer(815301076,1909f56bfc062723c751e8b465ee728b)  -> (artifact id: '0302200115b9bfaa01bf6293830e2643') in 0.003474 seconds 
  Import took 0.006978 seconds .

========================================================================
Received Import Request.
  Time since last request: 1.195791 seconds.
  path: Assets/LiquidVR/Scripts/Interactables/StateMachines/AnimatorBasedStateMachine/LiqudPlayerStateMachine.controller
  artifactKey: Guid(5c1374c6ff7c9b64c9e0750dfa264fb6) Importer(815301076,1909f56bfc062723c751e8b465ee728b)
Start importing Assets/LiquidVR/Scripts/Interactables/StateMachines/AnimatorBasedStateMachine/LiqudPlayerStateMachine.controller using Guid(5c1374c6ff7c9b64c9e0750dfa264fb6) Importer(815301076,1909f56bfc062723c751e8b465ee728b)  -> (artifact id: 'ff29f82e1bbd2454a62c2ab23ab0cac1') in 0.004317 seconds 
  Import took 0.007655 seconds .

========================================================================
Received Import Request.
  Time since last request: 53.444828 seconds.
  path: Assets/LiquidVR/Scripts/Interactables/StateMachines/AnimatorBasedStateMachine/LiqudPlayerStateMachine.controller
  artifactKey: Guid(5c1374c6ff7c9b64c9e0750dfa264fb6) Importer(815301076,1909f56bfc062723c751e8b465ee728b)
Start importing Assets/LiquidVR/Scripts/Interactables/StateMachines/AnimatorBasedStateMachine/LiqudPlayerStateMachine.controller using Guid(5c1374c6ff7c9b64c9e0750dfa264fb6) Importer(815301076,1909f56bfc062723c751e8b465ee728b)  -> (artifact id: 'f4bdb84eb2eac6281ba7fd9788af783c') in 0.003638 seconds 
  Import took 0.019158 seconds .

========================================================================
Received Prepare
Registering precompiled user dll's ...
Registered in 0.003146 seconds.
Begin MonoManager ReloadAssembly
Native extension for WindowsStandalone target not found
Refreshing native plugins compatible for Editor in 0.78 ms, found 5 plugins.
Preloading 1 native plugins for Editor in 0.07 ms.
NullReferenceException: Object reference not set to an instance of an object
  at Unity.XR.Oculus.OculusLoader.AssetPathToAbsolutePath (System.String assetPath) [0x00048] in D:\UNITY_PROJECTS\Liquid VR\Library\PackageCache\com.unity.xr.oculus@1.9.1\Runtime\OculusLoader.cs:249 
  at Unity.XR.Oculus.OculusLoader.EditorLoadOVRPlugin () [0x0007b] in D:\UNITY_PROJECTS\Liquid VR\Library\PackageCache\com.unity.xr.oculus@1.9.1\Runtime\OculusLoader.cs:234 

(Filename: Library/PackageCache/com.unity.xr.oculus@1.9.1/Runtime/OculusLoader.cs Line: 249)

Mono: successfully reloaded assembly
- Completed reload, in  1.083 seconds
Platform modules already initialized, skipping
Switching build target platform(19) subTarget(0) extendedPlatform(0) -> platform(13) subTarget(524288) extendedPlatform(0)
Refreshing native plugins compatible for Editor in 0.84 ms, found 5 plugins.
Preloading 1 native plugins for Editor in 0.07 ms.
Unloading 2024 Unused Serialized files (Serialized files now loaded: 0)
System memory in use before: 88.2 MB.
System memory in use after: 88.3 MB.

Unloading 15 unused Assets to reduce memory usage. Loaded Objects now: 2512.
Total: 3.680300 ms (FindLiveObjects: 0.369800 ms CreateObjectMapping: 0.193600 ms MarkObjects: 3.037900 ms  DeleteObjects: 0.077300 ms)

AssetImportParameters requested are different than current active one (requested -> active):
  custom:framework-win-MediaFoundation: 216162199b28c13a410421893ffa2e32 -> 
  custom:video-decoder-ogg-theora: a1e56fd34408186e4bbccfd4996cb3dc -> 
  custom:container-muxer-webm: aa71ff27fc2769a1b78a27578f13a17b -> 
  custom:container-demuxer-webm: 4f35f7cbe854078d1ac9338744f61a02 -> 
  custom:container-demuxer-ogg: 62fdf1f143b41e24485cea50d1cbac27 -> 
  custom:video-encoder-webm-vp8: eb34c28f22e8b96e1ab97ce403110664 -> 
  custom:video-decoder-webm-vp8: 9c59270c3fd7afecdb556c50c9e8de78 -> 
  custom:graphics/normal-map-encoding: 01000000000000000000000000000000 -> 02000000000000000000000000000000
  custom:audio-decoder-ogg-vorbis: bf7c407c2cedff20999df2af8eb42d56 -> 
  custom:audio-encoder-webm-vorbis: bf7c407c2cedff20999df2af8eb42d56 -> 
========================================================================
Received Prepare
Registering precompiled user dll's ...
Registered in 0.004293 seconds.
Begin MonoManager ReloadAssembly
Native extension for WindowsStandalone target not found
Refreshing native plugins compatible for Editor in 0.49 ms, found 5 plugins.
Preloading 1 native plugins for Editor in 0.06 ms.
NullReferenceException: Object reference not set to an instance of an object
  at Unity.XR.Oculus.OculusLoader.AssetPathToAbsolutePath (System.String assetPath) [0x00048] in D:\UNITY_PROJECTS\Liquid VR\Library\PackageCache\com.unity.xr.oculus@1.9.1\Runtime\OculusLoader.cs:249 
  at Unity.XR.Oculus.OculusLoader.EditorLoadOVRPlugin () [0x0007b] in D:\UNITY_PROJECTS\Liquid VR\Library\PackageCache\com.unity.xr.oculus@1.9.1\Runtime\OculusLoader.cs:234 

(Filename: Library/PackageCache/com.unity.xr.oculus@1.9.1/Runtime/OculusLoader.cs Line: 249)

Mono: successfully reloaded assembly
- Completed reload, in  1.330 seconds
Platform modules already initialized, skipping
Switching build target platform(19) subTarget(0) extendedPlatform(0) -> platform(13) subTarget(524288) extendedPlatform(0)
Refreshing native plugins compatible for Editor in 0.47 ms, found 5 plugins.
Preloading 1 native plugins for Editor in 0.05 ms.
Unloading 2024 Unused Serialized files (Serialized files now loaded: 0)
System memory in use before: 88.2 MB.
System memory in use after: 88.3 MB.

Unloading 15 unused Assets to reduce memory usage. Loaded Objects now: 2515.
Total: 2.220100 ms (FindLiveObjects: 0.194300 ms CreateObjectMapping: 0.083700 ms MarkObjects: 1.889600 ms  DeleteObjects: 0.051500 ms)

AssetImportParameters requested are different than current active one (requested -> active):
  custom:framework-win-MediaFoundation: 216162199b28c13a410421893ffa2e32 -> 
  custom:video-decoder-ogg-theora: a1e56fd34408186e4bbccfd4996cb3dc -> 
  custom:container-muxer-webm: aa71ff27fc2769a1b78a27578f13a17b -> 
  custom:container-demuxer-webm: 4f35f7cbe854078d1ac9338744f61a02 -> 
  custom:container-demuxer-ogg: 62fdf1f143b41e24485cea50d1cbac27 -> 
  custom:video-encoder-webm-vp8: eb34c28f22e8b96e1ab97ce403110664 -> 
  custom:video-decoder-webm-vp8: 9c59270c3fd7afecdb556c50c9e8de78 -> 
  custom:graphics/normal-map-encoding: 01000000000000000000000000000000 -> 02000000000000000000000000000000
  custom:audio-decoder-ogg-vorbis: bf7c407c2cedff20999df2af8eb42d56 -> 
  custom:audio-encoder-webm-vorbis: bf7c407c2cedff20999df2af8eb42d56 -> 
========================================================================
Received Prepare
Registering precompiled user dll's ...
Registered in 0.003244 seconds.
Begin MonoManager ReloadAssembly
Native extension for WindowsStandalone target not found
Refreshing native plugins compatible for Editor in 0.46 ms, found 5 plugins.
Preloading 1 native plugins for Editor in 0.06 ms.
NullReferenceException: Object reference not set to an instance of an object
  at Unity.XR.Oculus.OculusLoader.AssetPathToAbsolutePath (System.String assetPath) [0x00048] in D:\UNITY_PROJECTS\Liquid VR\Library\PackageCache\com.unity.xr.oculus@1.9.1\Runtime\OculusLoader.cs:249 
  at Unity.XR.Oculus.OculusLoader.EditorLoadOVRPlugin () [0x0007b] in D:\UNITY_PROJECTS\Liquid VR\Library\PackageCache\com.unity.xr.oculus@1.9.1\Runtime\OculusLoader.cs:234 

(Filename: Library/PackageCache/com.unity.xr.oculus@1.9.1/Runtime/OculusLoader.cs Line: 249)

Mono: successfully reloaded assembly
- Completed reload, in  1.153 seconds
Platform modules already initialized, skipping
Switching build target platform(19) subTarget(0) extendedPlatform(0) -> platform(13) subTarget(524288) extendedPlatform(0)
Refreshing native plugins compatible for Editor in 0.47 ms, found 5 plugins.
Preloading 1 native plugins for Editor in 0.05 ms.
Unloading 2023 Unused Serialized files (Serialized files now loaded: 0)
System memory in use before: 88.2 MB.
System memory in use after: 88.3 MB.

Unloading 16 unused Assets to reduce memory usage. Loaded Objects now: 2517.
Total: 2.661100 ms (FindLiveObjects: 0.276400 ms CreateObjectMapping: 0.111700 ms MarkObjects: 2.196000 ms  DeleteObjects: 0.076000 ms)

AssetImportParameters requested are different than current active one (requested -> active):
  custom:framework-win-MediaFoundation: 216162199b28c13a410421893ffa2e32 -> 
  custom:video-decoder-ogg-theora: a1e56fd34408186e4bbccfd4996cb3dc -> 
  custom:container-muxer-webm: aa71ff27fc2769a1b78a27578f13a17b -> 
  custom:container-demuxer-webm: 4f35f7cbe854078d1ac9338744f61a02 -> 
  custom:container-demuxer-ogg: 62fdf1f143b41e24485cea50d1cbac27 -> 
  custom:video-encoder-webm-vp8: eb34c28f22e8b96e1ab97ce403110664 -> 
  custom:video-decoder-webm-vp8: 9c59270c3fd7afecdb556c50c9e8de78 -> 
  custom:graphics/normal-map-encoding: 01000000000000000000000000000000 -> 02000000000000000000000000000000
  custom:audio-decoder-ogg-vorbis: bf7c407c2cedff20999df2af8eb42d56 -> 
  custom:audio-encoder-webm-vorbis: bf7c407c2cedff20999df2af8eb42d56 -> 
========================================================================
Received Prepare
Registering precompiled user dll's ...
Registered in 0.003152 seconds.
Begin MonoManager ReloadAssembly
Native extension for WindowsStandalone target not found
Refreshing native plugins compatible for Editor in 0.47 ms, found 5 plugins.
Preloading 1 native plugins for Editor in 0.06 ms.
NullReferenceException: Object reference not set to an instance of an object
  at Unity.XR.Oculus.OculusLoader.AssetPathToAbsolutePath (System.String assetPath) [0x00048] in D:\UNITY_PROJECTS\Liquid VR\Library\PackageCache\com.unity.xr.oculus@1.9.1\Runtime\OculusLoader.cs:249 
  at Unity.XR.Oculus.OculusLoader.EditorLoadOVRPlugin () [0x0007b] in D:\UNITY_PROJECTS\Liquid VR\Library\PackageCache\com.unity.xr.oculus@1.9.1\Runtime\OculusLoader.cs:234 

(Filename: Library/PackageCache/com.unity.xr.oculus@1.9.1/Runtime/OculusLoader.cs Line: 249)

Mono: successfully reloaded assembly
- Completed reload, in  1.202 seconds
Platform modules already initialized, skipping
Switching build target platform(19) subTarget(0) extendedPlatform(0) -> platform(13) subTarget(524288) extendedPlatform(0)
Refreshing native plugins compatible for Editor in 0.49 ms, found 5 plugins.
Preloading 1 native plugins for Editor in 0.05 ms.
Unloading 2023 Unused Serialized files (Serialized files now loaded: 0)
System memory in use before: 88.2 MB.
System memory in use after: 88.3 MB.

Unloading 15 unused Assets to reduce memory usage. Loaded Objects now: 2520.
Total: 2.102100 ms (FindLiveObjects: 0.189400 ms CreateObjectMapping: 0.078300 ms MarkObjects: 1.770100 ms  DeleteObjects: 0.063300 ms)

AssetImportParameters requested are different than current active one (requested -> active):
  custom:framework-win-MediaFoundation: 216162199b28c13a410421893ffa2e32 -> 
  custom:video-decoder-ogg-theora: a1e56fd34408186e4bbccfd4996cb3dc -> 
  custom:container-muxer-webm: aa71ff27fc2769a1b78a27578f13a17b -> 
  custom:container-demuxer-webm: 4f35f7cbe854078d1ac9338744f61a02 -> 
  custom:container-demuxer-ogg: 62fdf1f143b41e24485cea50d1cbac27 -> 
  custom:video-encoder-webm-vp8: eb34c28f22e8b96e1ab97ce403110664 -> 
  custom:video-decoder-webm-vp8: 9c59270c3fd7afecdb556c50c9e8de78 -> 
  custom:graphics/normal-map-encoding: 01000000000000000000000000000000 -> 02000000000000000000000000000000
  custom:audio-decoder-ogg-vorbis: bf7c407c2cedff20999df2af8eb42d56 -> 
  custom:audio-encoder-webm-vorbis: bf7c407c2cedff20999df2af8eb42d56 -> 
========================================================================
Received Import Request.
  Time since last request: 1672.837371 seconds.
  path: Assets/LiquidVR/Scripts/Interactables/LiquidDirectInteractor.cs
  artifactKey: Guid(f2c8dff39593be74693b9f9aaf492754) Importer(815301076,1909f56bfc062723c751e8b465ee728b)
Start importing Assets/LiquidVR/Scripts/Interactables/LiquidDirectInteractor.cs using Guid(f2c8dff39593be74693b9f9aaf492754) Importer(815301076,1909f56bfc062723c751e8b465ee728b)  -> (artifact id: '80a64c6f9678cbc4378a9f53e01c89c8') in 0.008036 seconds 
  Import took 0.011072 seconds .

========================================================================
Received Prepare
Registering precompiled user dll's ...
Registered in 0.073033 seconds.
Begin MonoManager ReloadAssembly
Native extension for WindowsStandalone target not found
Refreshing native plugins compatible for Editor in 0.47 ms, found 5 plugins.
Preloading 1 native plugins for Editor in 0.08 ms.
NullReferenceException: Object reference not set to an instance of an object
  at Unity.XR.Oculus.OculusLoader.AssetPathToAbsolutePath (System.String assetPath) [0x00048] in D:\UNITY_PROJECTS\Liquid VR\Library\PackageCache\com.unity.xr.oculus@1.9.1\Runtime\OculusLoader.cs:249 
  at Unity.XR.Oculus.OculusLoader.EditorLoadOVRPlugin () [0x0007b] in D:\UNITY_PROJECTS\Liquid VR\Library\PackageCache\com.unity.xr.oculus@1.9.1\Runtime\OculusLoader.cs:234 

(Filename: Library/PackageCache/com.unity.xr.oculus@1.9.1/Runtime/OculusLoader.cs Line: 249)

Mono: successfully reloaded assembly
- Completed reload, in  1.109 seconds
Platform modules already initialized, skipping
Switching build target platform(19) subTarget(0) extendedPlatform(0) -> platform(13) subTarget(524288) extendedPlatform(0)
Refreshing native plugins compatible for Editor in 0.46 ms, found 5 plugins.
Preloading 1 native plugins for Editor in 0.05 ms.
Unloading 2023 Unused Serialized files (Serialized files now loaded: 0)
System memory in use before: 88.2 MB.
System memory in use after: 88.3 MB.

Unloading 15 unused Assets to reduce memory usage. Loaded Objects now: 2523.
Total: 2.143800 ms (FindLiveObjects: 0.181100 ms CreateObjectMapping: 0.069300 ms MarkObjects: 1.837600 ms  DeleteObjects: 0.055000 ms)

AssetImportParameters requested are different than current active one (requested -> active):
  custom:framework-win-MediaFoundation: 216162199b28c13a410421893ffa2e32 -> 
  custom:video-decoder-ogg-theora: a1e56fd34408186e4bbccfd4996cb3dc -> 
  custom:container-muxer-webm: aa71ff27fc2769a1b78a27578f13a17b -> 
  custom:container-demuxer-webm: 4f35f7cbe854078d1ac9338744f61a02 -> 
  custom:container-demuxer-ogg: 62fdf1f143b41e24485cea50d1cbac27 -> 
  custom:video-encoder-webm-vp8: eb34c28f22e8b96e1ab97ce403110664 -> 
  custom:video-decoder-webm-vp8: 9c59270c3fd7afecdb556c50c9e8de78 -> 
  custom:graphics/normal-map-encoding: 01000000000000000000000000000000 -> 02000000000000000000000000000000
  custom:audio-decoder-ogg-vorbis: bf7c407c2cedff20999df2af8eb42d56 -> 
  custom:audio-encoder-webm-vorbis: bf7c407c2cedff20999df2af8eb42d56 -> 
========================================================================
Received Prepare
Registering precompiled user dll's ...
Registered in 0.004307 seconds.
Begin MonoManager ReloadAssembly
Native extension for WindowsStandalone target not found
Refreshing native plugins compatible for Editor in 0.46 ms, found 5 plugins.
Preloading 1 native plugins for Editor in 0.06 ms.
NullReferenceException: Object reference not set to an instance of an object
  at Unity.XR.Oculus.OculusLoader.AssetPathToAbsolutePath (System.String assetPath) [0x00048] in D:\UNITY_PROJECTS\Liquid VR\Library\PackageCache\com.unity.xr.oculus@1.9.1\Runtime\OculusLoader.cs:249 
  at Unity.XR.Oculus.OculusLoader.EditorLoadOVRPlugin () [0x0007b] in D:\UNITY_PROJECTS\Liquid VR\Library\PackageCache\com.unity.xr.oculus@1.9.1\Runtime\OculusLoader.cs:234 

(Filename: Library/PackageCache/com.unity.xr.oculus@1.9.1/Runtime/OculusLoader.cs Line: 249)

Mono: successfully reloaded assembly
- Completed reload, in  1.155 seconds
Platform modules already initialized, skipping
Switching build target platform(19) subTarget(0) extendedPlatform(0) -> platform(13) subTarget(524288) extendedPlatform(0)
Refreshing native plugins compatible for Editor in 0.46 ms, found 5 plugins.
Preloading 1 native plugins for Editor in 0.05 ms.
Unloading 2023 Unused Serialized files (Serialized files now loaded: 0)
System memory in use before: 88.2 MB.
System memory in use after: 88.3 MB.

Unloading 15 unused Assets to reduce memory usage. Loaded Objects now: 2526.
Total: 2.030400 ms (FindLiveObjects: 0.200400 ms CreateObjectMapping: 0.083400 ms MarkObjects: 1.694400 ms  DeleteObjects: 0.051300 ms)

AssetImportParameters requested are different than current active one (requested -> active):
  custom:framework-win-MediaFoundation: 216162199b28c13a410421893ffa2e32 -> 
  custom:video-decoder-ogg-theora: a1e56fd34408186e4bbccfd4996cb3dc -> 
  custom:container-muxer-webm: aa71ff27fc2769a1b78a27578f13a17b -> 
  custom:container-demuxer-webm: 4f35f7cbe854078d1ac9338744f61a02 -> 
  custom:container-demuxer-ogg: 62fdf1f143b41e24485cea50d1cbac27 -> 
  custom:video-encoder-webm-vp8: eb34c28f22e8b96e1ab97ce403110664 -> 
  custom:video-decoder-webm-vp8: 9c59270c3fd7afecdb556c50c9e8de78 -> 
  custom:graphics/normal-map-encoding: 01000000000000000000000000000000 -> 02000000000000000000000000000000
  custom:audio-decoder-ogg-vorbis: bf7c407c2cedff20999df2af8eb42d56 -> 
  custom:audio-encoder-webm-vorbis: bf7c407c2cedff20999df2af8eb42d56 -> 
========================================================================
Received Import Request.
  Time since last request: 7795.234446 seconds.
  path: Assets/LiquidVR/Scripts/Interactables/LiquidControllerInput.cs
  artifactKey: Guid(3f3180ad72bcf0749a5acf7e8bf961bd) Importer(815301076,1909f56bfc062723c751e8b465ee728b)
Start importing Assets/LiquidVR/Scripts/Interactables/LiquidControllerInput.cs using Guid(3f3180ad72bcf0749a5acf7e8bf961bd) Importer(815301076,1909f56bfc062723c751e8b465ee728b)  -> (artifact id: '459128bc1990077b6601b55b98d94c5d') in 0.010007 seconds 
  Import took 0.040814 seconds .

========================================================================
Received Import Request.
  Time since last request: 1.999028 seconds.
  path: Assets/LiquidVR/Scripts/Interactables/LiquidGrabInteractable.cs
  artifactKey: Guid(a6199e276b6056b438ce1d5b45dd5bb4) Importer(815301076,1909f56bfc062723c751e8b465ee728b)
Start importing Assets/LiquidVR/Scripts/Interactables/LiquidGrabInteractable.cs using Guid(a6199e276b6056b438ce1d5b45dd5bb4) Importer(815301076,1909f56bfc062723c751e8b465ee728b)  -> (artifact id: '6feac6d2ec5ee03eb4189f2f70710e23') in 0.005618 seconds 
  Import took 0.031509 seconds .

========================================================================
Received Import Request.
  Time since last request: 1.013265 seconds.
  path: Assets/LiquidVR/Scripts/Interactables/LiquidHandSelectingEventer.cs
  artifactKey: Guid(3eb7d36a2a4a3ad42865fce374a6e871) Importer(815301076,1909f56bfc062723c751e8b465ee728b)
Start importing Assets/LiquidVR/Scripts/Interactables/LiquidHandSelectingEventer.cs using Guid(3eb7d36a2a4a3ad42865fce374a6e871) Importer(815301076,1909f56bfc062723c751e8b465ee728b)  -> (artifact id: '4f35250787ee3988929dccc7cfec4d96') in 0.006189 seconds 
  Import took 0.012987 seconds .

========================================================================
Received Import Request.
  Time since last request: 3.874736 seconds.
  path: Assets/LiquidVR/Scripts/Interactables/LiquidPlayerFinger.cs
  artifactKey: Guid(11b40f3aaafd40549a25663c8ac8b031) Importer(815301076,1909f56bfc062723c751e8b465ee728b)
Start importing Assets/LiquidVR/Scripts/Interactables/LiquidPlayerFinger.cs using Guid(11b40f3aaafd40549a25663c8ac8b031) Importer(815301076,1909f56bfc062723c751e8b465ee728b)  -> (artifact id: '9b65ef1b398577ef48591f66ed7d1699') in 0.005747 seconds 
  Import took 0.018766 seconds .

========================================================================
Received Import Request.
  Time since last request: 0.948754 seconds.
  path: Assets/LiquidVR/Scripts/Interactables/LiquidPlayerStateMachine.cs
  artifactKey: Guid(10da0bd8ea4ebe64591e32f38a3899a1) Importer(815301076,1909f56bfc062723c751e8b465ee728b)
Start importing Assets/LiquidVR/Scripts/Interactables/LiquidPlayerStateMachine.cs using Guid(10da0bd8ea4ebe64591e32f38a3899a1) Importer(815301076,1909f56bfc062723c751e8b465ee728b)  -> (artifact id: 'aa24874911d5ea4c0e3b2a963430280a') in 0.005118 seconds 
  Import took 0.030255 seconds .

========================================================================
Received Import Request.
  Time since last request: 1.184300 seconds.
  path: Assets/LiquidVR/Scripts/Interactables/LiquidRigCamera.cs
  artifactKey: Guid(0332047343a21964091bbedac1944374) Importer(815301076,1909f56bfc062723c751e8b465ee728b)
Start importing Assets/LiquidVR/Scripts/Interactables/LiquidRigCamera.cs using Guid(0332047343a21964091bbedac1944374) Importer(815301076,1909f56bfc062723c751e8b465ee728b)  -> (artifact id: '25d626b1a8b4613cc4681ab01e28e649') in 0.005842 seconds 
  Import took 0.009257 seconds .

========================================================================
Received Import Request.
  Time since last request: 14.220172 seconds.
  path: Assets/LiquidVR/Scripts/Interactables/LiquidTargetableSocket.cs
  artifactKey: Guid(e9a7b9d812e7d4846995c4c17ae6d84c) Importer(815301076,1909f56bfc062723c751e8b465ee728b)
Start importing Assets/LiquidVR/Scripts/Interactables/LiquidTargetableSocket.cs using Guid(e9a7b9d812e7d4846995c4c17ae6d84c) Importer(815301076,1909f56bfc062723c751e8b465ee728b)  -> (artifact id: '2b1a870e55b27b5c23d344a8042f77a9') in 0.005851 seconds 
  Import took 0.009795 seconds .

========================================================================
Received Import Request.
  Time since last request: 1.430454 seconds.
  path: Assets/LiquidVR/Scripts/Interactables/LiquidTeleportInteractor.cs
  artifactKey: Guid(c8b657efd57efa145bab4f0bb68b1860) Importer(815301076,1909f56bfc062723c751e8b465ee728b)
Start importing Assets/LiquidVR/Scripts/Interactables/LiquidTeleportInteractor.cs using Guid(c8b657efd57efa145bab4f0bb68b1860) Importer(815301076,1909f56bfc062723c751e8b465ee728b)  -> (artifact id: '420c9389db7fe03f6ecee227a356a088') in 0.006570 seconds 
  Import took 0.036044 seconds .

========================================================================
Received Import Request.
  Time since last request: 1317.043596 seconds.
  path: Assets/Scenes/SampleScene.unity
  artifactKey: Guid(9fc0d4010bbf28b4594072e72b8655ab) Importer(815301076,1909f56bfc062723c751e8b465ee728b)
Start importing Assets/Scenes/SampleScene.unity using Guid(9fc0d4010bbf28b4594072e72b8655ab) Importer(815301076,1909f56bfc062723c751e8b465ee728b)  -> (artifact id: 'e7687b90ee9db2dfbd0d916f8cc5509f') in 0.016493 seconds 
  Import took 0.034058 seconds .

========================================================================
Received Import Request.
  Time since last request: 192.349462 seconds.
  path: Assets/LiquidVR/Scripts/Interactables/LiquidUIInteractor.cs
  artifactKey: Guid(2d5240dbc983c9642a43bac8fc40d4ad) Importer(815301076,1909f56bfc062723c751e8b465ee728b)
Start importing Assets/LiquidVR/Scripts/Interactables/LiquidUIInteractor.cs using Guid(2d5240dbc983c9642a43bac8fc40d4ad) Importer(815301076,1909f56bfc062723c751e8b465ee728b)  -> (artifact id: '039d9d542f0d5f9a032dad7772766c88') in 0.007166 seconds 
  Import took 0.023732 seconds .

========================================================================
Received Prepare
Registering precompiled user dll's ...
Registered in 0.003521 seconds.
Begin MonoManager ReloadAssembly
Native extension for WindowsStandalone target not found
Refreshing native plugins compatible for Editor in 0.54 ms, found 5 plugins.
Preloading 1 native plugins for Editor in 0.07 ms.
NullReferenceException: Object reference not set to an instance of an object
  at Unity.XR.Oculus.OculusLoader.AssetPathToAbsolutePath (System.String assetPath) [0x00048] in D:\UNITY_PROJECTS\Liquid VR\Library\PackageCache\com.unity.xr.oculus@1.9.1\Runtime\OculusLoader.cs:249 
  at Unity.XR.Oculus.OculusLoader.EditorLoadOVRPlugin () [0x0007b] in D:\UNITY_PROJECTS\Liquid VR\Library\PackageCache\com.unity.xr.oculus@1.9.1\Runtime\OculusLoader.cs:234 

(Filename: Library/PackageCache/com.unity.xr.oculus@1.9.1/Runtime/OculusLoader.cs Line: 249)

Mono: successfully reloaded assembly
- Completed reload, in  1.098 seconds
Platform modules already initialized, skipping
Switching build target platform(19) subTarget(0) extendedPlatform(0) -> platform(13) subTarget(524288) extendedPlatform(0)
Refreshing native plugins compatible for Editor in 0.49 ms, found 5 plugins.
Preloading 1 native plugins for Editor in 0.05 ms.
Unloading 2024 Unused Serialized files (Serialized files now loaded: 0)
System memory in use before: 88.2 MB.
System memory in use after: 88.3 MB.

Unloading 15 unused Assets to reduce memory usage. Loaded Objects now: 2530.
Total: 2.268500 ms (FindLiveObjects: 0.198700 ms CreateObjectMapping: 0.059300 ms MarkObjects: 1.902900 ms  DeleteObjects: 0.106500 ms)

AssetImportParameters requested are different than current active one (requested -> active):
  custom:framework-win-MediaFoundation: 216162199b28c13a410421893ffa2e32 -> 
  custom:video-decoder-ogg-theora: a1e56fd34408186e4bbccfd4996cb3dc -> 
  custom:container-muxer-webm: aa71ff27fc2769a1b78a27578f13a17b -> 
  custom:container-demuxer-webm: 4f35f7cbe854078d1ac9338744f61a02 -> 
  custom:container-demuxer-ogg: 62fdf1f143b41e24485cea50d1cbac27 -> 
  custom:video-encoder-webm-vp8: eb34c28f22e8b96e1ab97ce403110664 -> 
  custom:video-decoder-webm-vp8: 9c59270c3fd7afecdb556c50c9e8de78 -> 
  custom:graphics/normal-map-encoding: 01000000000000000000000000000000 -> 02000000000000000000000000000000
  custom:audio-decoder-ogg-vorbis: bf7c407c2cedff20999df2af8eb42d56 -> 
  custom:audio-encoder-webm-vorbis: bf7c407c2cedff20999df2af8eb42d56 -> 
========================================================================
Received Prepare
Registering precompiled user dll's ...
Registered in 0.004757 seconds.
Begin MonoManager ReloadAssembly
Native extension for WindowsStandalone target not found
Refreshing native plugins compatible for Editor in 0.52 ms, found 5 plugins.
Preloading 1 native plugins for Editor in 0.07 ms.
NullReferenceException: Object reference not set to an instance of an object
  at Unity.XR.Oculus.OculusLoader.AssetPathToAbsolutePath (System.String assetPath) [0x00048] in D:\UNITY_PROJECTS\Liquid VR\Library\PackageCache\com.unity.xr.oculus@1.9.1\Runtime\OculusLoader.cs:249 
  at Unity.XR.Oculus.OculusLoader.EditorLoadOVRPlugin () [0x0007b] in D:\UNITY_PROJECTS\Liquid VR\Library\PackageCache\com.unity.xr.oculus@1.9.1\Runtime\OculusLoader.cs:234 

(Filename: Library/PackageCache/com.unity.xr.oculus@1.9.1/Runtime/OculusLoader.cs Line: 249)

Mono: successfully reloaded assembly
- Completed reload, in  1.339 seconds
Platform modules already initialized, skipping
Switching build target platform(19) subTarget(0) extendedPlatform(0) -> platform(13) subTarget(524288) extendedPlatform(0)
Refreshing native plugins compatible for Editor in 0.47 ms, found 5 plugins.
Preloading 1 native plugins for Editor in 0.05 ms.
Unloading 2024 Unused Serialized files (Serialized files now loaded: 0)
System memory in use before: 88.2 MB.
System memory in use after: 88.3 MB.

Unloading 15 unused Assets to reduce memory usage. Loaded Objects now: 2533.
Total: 2.536300 ms (FindLiveObjects: 0.234100 ms CreateObjectMapping: 0.166600 ms MarkObjects: 2.074000 ms  DeleteObjects: 0.060400 ms)

AssetImportParameters requested are different than current active one (requested -> active):
  custom:framework-win-MediaFoundation: 216162199b28c13a410421893ffa2e32 -> 
  custom:video-decoder-ogg-theora: a1e56fd34408186e4bbccfd4996cb3dc -> 
  custom:container-muxer-webm: aa71ff27fc2769a1b78a27578f13a17b -> 
  custom:container-demuxer-webm: 4f35f7cbe854078d1ac9338744f61a02 -> 
  custom:container-demuxer-ogg: 62fdf1f143b41e24485cea50d1cbac27 -> 
  custom:video-encoder-webm-vp8: eb34c28f22e8b96e1ab97ce403110664 -> 
  custom:video-decoder-webm-vp8: 9c59270c3fd7afecdb556c50c9e8de78 -> 
  custom:graphics/normal-map-encoding: 01000000000000000000000000000000 -> 02000000000000000000000000000000
  custom:audio-decoder-ogg-vorbis: bf7c407c2cedff20999df2af8eb42d56 -> 
  custom:audio-encoder-webm-vorbis: bf7c407c2cedff20999df2af8eb42d56 -> 
========================================================================
Received Import Request.
  Time since last request: 146.335806 seconds.
  path: Assets/LiquidVR/Scripts/Interactables/LiquidUIInteractor.cs
  artifactKey: Guid(2d5240dbc983c9642a43bac8fc40d4ad) Importer(815301076,1909f56bfc062723c751e8b465ee728b)
Start importing Assets/LiquidVR/Scripts/Interactables/LiquidUIInteractor.cs using Guid(2d5240dbc983c9642a43bac8fc40d4ad) Importer(815301076,1909f56bfc062723c751e8b465ee728b)  -> (artifact id: '9889026f89160353ecb5fb0838d4c5a7') in 0.009289 seconds 
  Import took 0.019920 seconds .

========================================================================
Received Prepare
Registering precompiled user dll's ...
Registered in 0.003110 seconds.
Begin MonoManager ReloadAssembly
Native extension for WindowsStandalone target not found
Refreshing native plugins compatible for Editor in 0.47 ms, found 5 plugins.
Preloading 1 native plugins for Editor in 0.06 ms.
NullReferenceException: Object reference not set to an instance of an object
  at Unity.XR.Oculus.OculusLoader.AssetPathToAbsolutePath (System.String assetPath) [0x00048] in D:\UNITY_PROJECTS\Liquid VR\Library\PackageCache\com.unity.xr.oculus@1.9.1\Runtime\OculusLoader.cs:249 
  at Unity.XR.Oculus.OculusLoader.EditorLoadOVRPlugin () [0x0007b] in D:\UNITY_PROJECTS\Liquid VR\Library\PackageCache\com.unity.xr.oculus@1.9.1\Runtime\OculusLoader.cs:234 

(Filename: Library/PackageCache/com.unity.xr.oculus@1.9.1/Runtime/OculusLoader.cs Line: 249)

Mono: successfully reloaded assembly
- Completed reload, in  1.120 seconds
Platform modules already initialized, skipping
Switching build target platform(19) subTarget(0) extendedPlatform(0) -> platform(13) subTarget(524288) extendedPlatform(0)
Refreshing native plugins compatible for Editor in 0.55 ms, found 5 plugins.
Preloading 1 native plugins for Editor in 0.08 ms.
Unloading 2024 Unused Serialized files (Serialized files now loaded: 0)
System memory in use before: 88.3 MB.
System memory in use after: 88.3 MB.

Unloading 15 unused Assets to reduce memory usage. Loaded Objects now: 2536.
Total: 2.493200 ms (FindLiveObjects: 0.231500 ms CreateObjectMapping: 0.079700 ms MarkObjects: 2.127200 ms  DeleteObjects: 0.053500 ms)

AssetImportParameters requested are different than current active one (requested -> active):
  custom:framework-win-MediaFoundation: 216162199b28c13a410421893ffa2e32 -> 
  custom:video-decoder-ogg-theora: a1e56fd34408186e4bbccfd4996cb3dc -> 
  custom:container-muxer-webm: aa71ff27fc2769a1b78a27578f13a17b -> 
  custom:container-demuxer-webm: 4f35f7cbe854078d1ac9338744f61a02 -> 
  custom:container-demuxer-ogg: 62fdf1f143b41e24485cea50d1cbac27 -> 
  custom:video-encoder-webm-vp8: eb34c28f22e8b96e1ab97ce403110664 -> 
  custom:video-decoder-webm-vp8: 9c59270c3fd7afecdb556c50c9e8de78 -> 
  custom:graphics/normal-map-encoding: 01000000000000000000000000000000 -> 02000000000000000000000000000000
  custom:audio-decoder-ogg-vorbis: bf7c407c2cedff20999df2af8eb42d56 -> 
  custom:audio-encoder-webm-vorbis: bf7c407c2cedff20999df2af8eb42d56 -> 
========================================================================
Received Prepare
Registering precompiled user dll's ...
Registered in 0.005025 seconds.
Begin MonoManager ReloadAssembly
Native extension for WindowsStandalone target not found
Refreshing native plugins compatible for Editor in 0.48 ms, found 5 plugins.
Preloading 1 native plugins for Editor in 0.08 ms.
NullReferenceException: Object reference not set to an instance of an object
  at Unity.XR.Oculus.OculusLoader.AssetPathToAbsolutePath (System.String assetPath) [0x00048] in D:\UNITY_PROJECTS\Liquid VR\Library\PackageCache\com.unity.xr.oculus@1.9.1\Runtime\OculusLoader.cs:249 
  at Unity.XR.Oculus.OculusLoader.EditorLoadOVRPlugin () [0x0007b] in D:\UNITY_PROJECTS\Liquid VR\Library\PackageCache\com.unity.xr.oculus@1.9.1\Runtime\OculusLoader.cs:234 

(Filename: Library/PackageCache/com.unity.xr.oculus@1.9.1/Runtime/OculusLoader.cs Line: 249)

Mono: successfully reloaded assembly
- Completed reload, in  1.355 seconds
Platform modules already initialized, skipping
Switching build target platform(19) subTarget(0) extendedPlatform(0) -> platform(13) subTarget(524288) extendedPlatform(0)
Refreshing native plugins compatible for Editor in 0.66 ms, found 5 plugins.
Preloading 1 native plugins for Editor in 0.06 ms.
Unloading 2024 Unused Serialized files (Serialized files now loaded: 0)
System memory in use before: 88.3 MB.
System memory in use after: 88.4 MB.

Unloading 15 unused Assets to reduce memory usage. Loaded Objects now: 2539.
Total: 2.492100 ms (FindLiveObjects: 0.212200 ms CreateObjectMapping: 0.139600 ms MarkObjects: 2.071600 ms  DeleteObjects: 0.067500 ms)

AssetImportParameters requested are different than current active one (requested -> active):
  custom:framework-win-MediaFoundation: 216162199b28c13a410421893ffa2e32 -> 
  custom:video-decoder-ogg-theora: a1e56fd34408186e4bbccfd4996cb3dc -> 
  custom:container-muxer-webm: aa71ff27fc2769a1b78a27578f13a17b -> 
  custom:container-demuxer-webm: 4f35f7cbe854078d1ac9338744f61a02 -> 
  custom:container-demuxer-ogg: 62fdf1f143b41e24485cea50d1cbac27 -> 
  custom:video-encoder-webm-vp8: eb34c28f22e8b96e1ab97ce403110664 -> 
  custom:video-decoder-webm-vp8: 9c59270c3fd7afecdb556c50c9e8de78 -> 
  custom:graphics/normal-map-encoding: 01000000000000000000000000000000 -> 02000000000000000000000000000000
  custom:audio-decoder-ogg-vorbis: bf7c407c2cedff20999df2af8eb42d56 -> 
  custom:audio-encoder-webm-vorbis: bf7c407c2cedff20999df2af8eb42d56 -> 
========================================================================
Received Prepare
Registering precompiled user dll's ...
Registered in 0.004586 seconds.
Begin MonoManager ReloadAssembly
Native extension for WindowsStandalone target not found
Refreshing native plugins compatible for Editor in 0.49 ms, found 5 plugins.
Preloading 1 native plugins for Editor in 0.07 ms.
NullReferenceException: Object reference not set to an instance of an object
  at Unity.XR.Oculus.OculusLoader.AssetPathToAbsolutePath (System.String assetPath) [0x00048] in D:\UNITY_PROJECTS\Liquid VR\Library\PackageCache\com.unity.xr.oculus@1.9.1\Runtime\OculusLoader.cs:249 
  at Unity.XR.Oculus.OculusLoader.EditorLoadOVRPlugin () [0x0007b] in D:\UNITY_PROJECTS\Liquid VR\Library\PackageCache\com.unity.xr.oculus@1.9.1\Runtime\OculusLoader.cs:234 

(Filename: Library/PackageCache/com.unity.xr.oculus@1.9.1/Runtime/OculusLoader.cs Line: 249)

Mono: successfully reloaded assembly
- Completed reload, in  1.291 seconds
Platform modules already initialized, skipping
Switching build target platform(19) subTarget(0) extendedPlatform(0) -> platform(13) subTarget(524288) extendedPlatform(0)
Refreshing native plugins compatible for Editor in 0.69 ms, found 5 plugins.
Preloading 1 native plugins for Editor in 0.05 ms.
Unloading 2024 Unused Serialized files (Serialized files now loaded: 0)
System memory in use before: 88.3 MB.
System memory in use after: 88.4 MB.

Unloading 15 unused Assets to reduce memory usage. Loaded Objects now: 2542.
Total: 2.400200 ms (FindLiveObjects: 0.232500 ms CreateObjectMapping: 0.083400 ms MarkObjects: 2.012000 ms  DeleteObjects: 0.071000 ms)

AssetImportParameters requested are different than current active one (requested -> active):
  custom:framework-win-MediaFoundation: 216162199b28c13a410421893ffa2e32 -> 
  custom:video-decoder-ogg-theora: a1e56fd34408186e4bbccfd4996cb3dc -> 
  custom:container-muxer-webm: aa71ff27fc2769a1b78a27578f13a17b -> 
  custom:container-demuxer-webm: 4f35f7cbe854078d1ac9338744f61a02 -> 
  custom:container-demuxer-ogg: 62fdf1f143b41e24485cea50d1cbac27 -> 
  custom:video-encoder-webm-vp8: eb34c28f22e8b96e1ab97ce403110664 -> 
  custom:video-decoder-webm-vp8: 9c59270c3fd7afecdb556c50c9e8de78 -> 
  custom:graphics/normal-map-encoding: 01000000000000000000000000000000 -> 02000000000000000000000000000000
  custom:audio-decoder-ogg-vorbis: bf7c407c2cedff20999df2af8eb42d56 -> 
  custom:audio-encoder-webm-vorbis: bf7c407c2cedff20999df2af8eb42d56 -> 
========================================================================
Received Prepare
Registering precompiled user dll's ...
Registered in 0.004959 seconds.
Begin MonoManager ReloadAssembly
Native extension for WindowsStandalone target not found
Refreshing native plugins compatible for Editor in 0.52 ms, found 5 plugins.
Preloading 1 native plugins for Editor in 0.06 ms.
NullReferenceException: Object reference not set to an instance of an object
  at Unity.XR.Oculus.OculusLoader.AssetPathToAbsolutePath (System.String assetPath) [0x00048] in D:\UNITY_PROJECTS\Liquid VR\Library\PackageCache\com.unity.xr.oculus@1.9.1\Runtime\OculusLoader.cs:249 
  at Unity.XR.Oculus.OculusLoader.EditorLoadOVRPlugin () [0x0007b] in D:\UNITY_PROJECTS\Liquid VR\Library\PackageCache\com.unity.xr.oculus@1.9.1\Runtime\OculusLoader.cs:234 

(Filename: Library/PackageCache/com.unity.xr.oculus@1.9.1/Runtime/OculusLoader.cs Line: 249)

Mono: successfully reloaded assembly
- Completed reload, in  1.112 seconds
Platform modules already initialized, skipping
Switching build target platform(19) subTarget(0) extendedPlatform(0) -> platform(13) subTarget(524288) extendedPlatform(0)
Refreshing native plugins compatible for Editor in 0.46 ms, found 5 plugins.
Preloading 1 native plugins for Editor in 0.05 ms.
Unloading 2024 Unused Serialized files (Serialized files now loaded: 0)
System memory in use before: 88.3 MB.
System memory in use after: 88.4 MB.

Unloading 15 unused Assets to reduce memory usage. Loaded Objects now: 2545.
Total: 2.128600 ms (FindLiveObjects: 0.180900 ms CreateObjectMapping: 0.081100 ms MarkObjects: 1.802500 ms  DeleteObjects: 0.062900 ms)

AssetImportParameters requested are different than current active one (requested -> active):
  custom:framework-win-MediaFoundation: 216162199b28c13a410421893ffa2e32 -> 
  custom:video-decoder-ogg-theora: a1e56fd34408186e4bbccfd4996cb3dc -> 
  custom:container-muxer-webm: aa71ff27fc2769a1b78a27578f13a17b -> 
  custom:container-demuxer-webm: 4f35f7cbe854078d1ac9338744f61a02 -> 
  custom:container-demuxer-ogg: 62fdf1f143b41e24485cea50d1cbac27 -> 
  custom:video-encoder-webm-vp8: eb34c28f22e8b96e1ab97ce403110664 -> 
  custom:video-decoder-webm-vp8: 9c59270c3fd7afecdb556c50c9e8de78 -> 
  custom:graphics/normal-map-encoding: 01000000000000000000000000000000 -> 02000000000000000000000000000000
  custom:audio-decoder-ogg-vorbis: bf7c407c2cedff20999df2af8eb42d56 -> 
  custom:audio-encoder-webm-vorbis: bf7c407c2cedff20999df2af8eb42d56 -> 
AssetImportWorkerClient::OnTransportError - code=2 error=End of file
